<?xml version="1.0" encoding="UTF-8"?>
<!-- Generated by org.testng.reporters.JUnitXMLReporter -->
<testsuite ignored="0" hostname="dPLAP166" failures="1" tests="1" name="About_network_test" time="41.764" errors="0" timestamp="2023-08-31T15:33:51 IST">
  <testcase classname="XGLT_15177_Test" name="About" time="1.308">
    <failure type="java.lang.AssertionError" message="expected [xGLinear 2.5.0] but found [xGLinear 2.6.0]">
      <![CDATA[java.lang.AssertionError: expected [xGLinear 2.5.0] but found [xGLinear 2.6.0]
at XGLT_15177_Test.About(XGLT_15177_Test.java:34)
at java.base/java.util.ArrayList.forEach(ArrayList.java:1511)
... Removed 35 stack frames]]>
    </failure>
  </testcase> <!-- About -->
</testsuite> <!-- About_network_test -->
