<?xml version="1.0" encoding="UTF-8"?>
<!-- Generated by org.testng.reporters.JUnitXMLReporter -->
<testsuite ignored="6" hostname="dPLAP166" failures="3" tests="8" name="About_network_test" time="791.634" errors="0" timestamp="2023-09-08T15:21:27 IST">
  <testcase classname="XGLT_15177_Test" name="About" time="3.043">
    <failure type="java.lang.AssertionError" message="expected [xGLinear 2.6.0] but found [xGLinear 2.5.2.8]">
      <![CDATA[java.lang.AssertionError: expected [xGLinear 2.6.0] but found [xGLinear 2.5.2.8]
at XGLT_15177_Test.About(XGLT_15177_Test.java:34)
at java.base/java.util.ArrayList.forEach(ArrayList.java:1511)
... Removed 35 stack frames]]>
    </failure>
  </testcase> <!-- About -->
  <testcase classname="XGLT_6693_Test" name="MissonControlReset" time="5.336"/>
  <testcase classname="XGLT_6688_Test" name="NetworkInstanceCurrentWeekPA" time="58.439">
    <failure type="java.lang.AssertionError" message="expected [true] but found [false]">
      <![CDATA[java.lang.AssertionError: expected [true] but found [false]
at XGLT_6688_Test.NetworkInstanceCurrentWeekPA(XGLT_6688_Test.java:47)
at java.base/java.util.ArrayList.forEach(ArrayList.java:1511)
... Removed 33 stack frames]]>
    </failure>
  </testcase> <!-- NetworkInstanceCurrentWeekPA -->
  <testcase classname="XGLT_6688_Test" name="NetworkInstanceCurrentWeekPB" time="194.892">
    <failure type="org.openqa.selenium.ElementNotInteractableException" message="element not interactable: element has zero size
  (Session info: chrome=116.0.5845.180)
Build info: version: &amp;apos;3.141.59&amp;apos;, revision: &amp;apos;e82be7d358&amp;apos;, time: &amp;apos;2018-11-14T08:17:03&amp;apos;
System info: host: &amp;apos;DPLAP166&amp;apos;, ip: &amp;apos;137.237.3.212&amp;apos;, os.name: &amp;apos;Windows 10&amp;apos;, os.arch: &amp;apos;amd64&amp;apos;, os.version: &amp;apos;10.0&amp;apos;, java.version: &amp;apos;19.0.1&amp;apos;
Driver info: org.openqa.selenium.chrome.ChromeDriver
Capabilities {acceptInsecureCerts: false, browserName: chrome, browserVersion: 116.0.5845.180, chrome: {chromedriverVersion: 116.0.5845.96 (1a3918166880..., userDataDir: C:\Users\dP-PL\AppData\Loca...}, fedcm:accounts: true, goog:chromeOptions: {debuggerAddress: localhost:51676}, javascriptEnabled: true, networkConnectionEnabled: false, pageLoadStrategy: normal, platform: WINDOWS, platformName: WINDOWS, proxy: Proxy(), setWindowRect: true, strictFileInteractability: false, timeouts: {implicit: 0, pageLoad: 300000, script: 30000}, unhandledPromptBehavior: dismiss and notify, webauthn:extension:credBlob: true, webauthn:extension:largeBlob: true, webauthn:extension:minPinLength: true, webauthn:extension:prf: true, webauthn:virtualAuthenticators: true}
Session ID: c654237f94ddaac324671d2376092dc9">
      <![CDATA[org.openqa.selenium.ElementNotInteractableException: element not interactable: element has zero size
  (Session info: chrome=116.0.5845.180)
Build info: version: '3.141.59', revision: 'e82be7d358', time: '2018-11-14T08:17:03'
System info: host: 'DPLAP166', ip: '137.237.3.212', os.name: 'Windows 10', os.arch: 'amd64', os.version: '10.0', java.version: '19.0.1'
Driver info: org.openqa.selenium.chrome.ChromeDriver
Capabilities {acceptInsecureCerts: false, browserName: chrome, browserVersion: 116.0.5845.180, chrome: {chromedriverVersion: 116.0.5845.96 (1a3918166880..., userDataDir: C:\Users\dP-PL\AppData\Loca...}, fedcm:accounts: true, goog:chromeOptions: {debuggerAddress: localhost:51676}, javascriptEnabled: true, networkConnectionEnabled: false, pageLoadStrategy: normal, platform: WINDOWS, platformName: WINDOWS, proxy: Proxy(), setWindowRect: true, strictFileInteractability: false, timeouts: {implicit: 0, pageLoad: 300000, script: 30000}, unhandledPromptBehavior: dismiss and notify, webauthn:extension:credBlob: true, webauthn:extension:largeBlob: true, webauthn:extension:minPinLength: true, webauthn:extension:prf: true, webauthn:virtualAuthenticators: true}
Session ID: c654237f94ddaac324671d2376092dc9
at org.openqa.selenium.remote.http.W3CHttpResponseCodec.createException(W3CHttpResponseCodec.java:187)
at org.openqa.selenium.remote.http.W3CHttpResponseCodec.decode(W3CHttpResponseCodec.java:122)
at org.openqa.selenium.remote.http.W3CHttpResponseCodec.decode(W3CHttpResponseCodec.java:49)
at org.openqa.selenium.remote.HttpCommandExecutor.execute(HttpCommandExecutor.java:158)
at org.openqa.selenium.remote.service.DriverCommandExecutor.execute(DriverCommandExecutor.java:83)
at org.openqa.selenium.remote.RemoteWebDriver.execute(RemoteWebDriver.java:552)
at org.openqa.selenium.remote.RemoteWebElement.execute(RemoteWebElement.java:285)
at org.openqa.selenium.remote.RemoteWebElement.click(RemoteWebElement.java:84)
at org.openqa.selenium.support.events.EventFiringWebDriver$EventFiringWebElement.lambda$new$0(EventFiringWebDriver.java:404)
at jdk.proxy2/jdk.proxy2.$Proxy28.click(Unknown Source)
at org.openqa.selenium.support.events.EventFiringWebDriver$EventFiringWebElement.click(EventFiringWebDriver.java:417)
at org.openqa.selenium.support.pagefactory.internal.LocatingElementHandler.invoke(LocatingElementHandler.java:51)
at jdk.proxy2/jdk.proxy2.$Proxy27.click(Unknown Source)
at pages.NetworkInstancePage.getactualpendingbuildcount(NetworkInstancePage.java:170)
at pages.NetworkInstancePage.verifypendingbuildcount(NetworkInstancePage.java:183)
at XGLT_6688_Test.NetworkInstanceCurrentWeekPB(XGLT_6688_Test.java:57)
at java.base/java.util.ArrayList.forEach(ArrayList.java:1511)
... Removed 36 stack frames]]>
    </failure>
  </testcase> <!-- NetworkInstanceCurrentWeekPB -->
  <testcase classname="XGLT_6688_Test" name="NextfourDaysPA" time="113.345"/>
  <testcase classname="XGLT_6688_Test" name="NextfourDaysPB" time="111.592"/>
  <testcase classname="XGLT_6688_Test" name="CustomDatePA" time="112.742"/>
  <testcase classname="XGLT_6688_Test" name="CustomDatePB" time="112.383"/>
  <testcase classname="base.BaseClass" name="@BeforeSuite archive_old" time="0.0">
    <ignored/>
  </testcase> <!-- @BeforeSuite archive_old -->
  <testcase classname="base.BaseClass" name="@BeforeSuite setupLog4j" time="0.0">
    <ignored/>
  </testcase> <!-- @BeforeSuite setupLog4j -->
  <testcase classname="base.BaseClass" name="@BeforeSuite initOR" time="0.0">
    <ignored/>
  </testcase> <!-- @BeforeSuite initOR -->
  <testcase classname="base.BaseClass" name="@BeforeSuite initOR" time="0.0">
    <ignored/>
  </testcase> <!-- @BeforeSuite initOR -->
  <testcase classname="base.BaseClass" name="@BeforeSuite setupLog4j" time="0.0">
    <ignored/>
  </testcase> <!-- @BeforeSuite setupLog4j -->
  <testcase classname="base.BaseClass" name="@BeforeSuite archive_old" time="0.0">
    <ignored/>
  </testcase> <!-- @BeforeSuite archive_old -->
</testsuite> <!-- About_network_test -->
