<?xml version="1.0" encoding="UTF-8"?>
<testsuite xmlns:xsi="http://www.w3.org/2001/XMLSchema-instance" xsi:noNamespaceSchemaLocation="https://maven.apache.org/surefire/maven-surefire-plugin/xsd/surefire-test-report-3.0.xsd" version="3.0" name="TestSuite" time="43.34" tests="1" errors="0" skipped="0" failures="1">
  <properties>
[...]
</properties>
  <testcase name="About" classname="XGLT_15177_Test" time="1.792">
    <failure message="expected [xGLinear 2.5.0] but found [xGLinear 2.6.0]" type="java.lang.AssertionError"><![CDATA[java.lang.AssertionError: expected [xGLinear 2.5.0] but found [xGLinear 2.6.0]
	at org.testng.Assert.fail(Assert.java:110)
	at org.testng.Assert.failNotEquals(Assert.java:1413)
	at org.testng.Assert.assertEqualsImpl(Assert.java:149)
	at org.testng.Assert.assertEquals(Assert.java:131)
	at org.testng.Assert.assertEquals(Assert.java:655)
	at org.testng.Assert.assertEquals(Assert.java:665)
	at XGLT_15177_Test.About(XGLT_15177_Test.java:34)
	at java.base/jdk.internal.reflect.DirectMethodHandleAccessor.invoke(DirectMethodHandleAccessor.java:104)
	at java.base/java.lang.reflect.Method.invoke(Method.java:578)
	at org.testng.internal.invokers.MethodInvocationHelper.invokeMethod(MethodInvocationHelper.java:139)
	at org.testng.internal.invokers.TestInvoker.invokeMethod(TestInvoker.java:677)
	at org.testng.internal.invokers.TestInvoker.invokeTestMethod(TestInvoker.java:221)
	at org.testng.internal.invokers.MethodRunner.runInSequence(MethodRunner.java:50)
	at org.testng.internal.invokers.TestInvoker$MethodInvocationAgent.invoke(TestInvoker.java:962)
	at org.testng.internal.invokers.TestInvoker.invokeTestMethods(TestInvoker.java:194)
	at org.testng.internal.invokers.TestMethodWorker.invokeTestMethods(TestMethodWorker.java:148)
	at org.testng.internal.invokers.TestMethodWorker.run(TestMethodWorker.java:128)
	at java.base/java.util.ArrayList.forEach(ArrayList.java:1511)
	at org.testng.TestRunner.privateRun(TestRunner.java:806)
	at org.testng.TestRunner.run(TestRunner.java:601)
	at org.testng.SuiteRunner.runTest(SuiteRunner.java:433)
	at org.testng.SuiteRunner.runSequentially(SuiteRunner.java:427)
	at org.testng.SuiteRunner.privateRun(SuiteRunner.java:387)
	at org.testng.SuiteRunner.run(SuiteRunner.java:330)
	at org.testng.SuiteRunnerWorker.runSuite(SuiteRunnerWorker.java:52)
	at org.testng.SuiteRunnerWorker.run(SuiteRunnerWorker.java:95)
	at org.testng.TestNG.runSuitesSequentially(TestNG.java:1256)
	at org.testng.TestNG.runSuitesLocally(TestNG.java:1176)
	at org.testng.TestNG.runSuites(TestNG.java:1099)
	at org.testng.TestNG.run(TestNG.java:1067)
	at org.apache.maven.surefire.testng.TestNGExecutor.run(TestNGExecutor.java:324)
	at org.apache.maven.surefire.testng.TestNGXmlTestSuite.execute(TestNGXmlTestSuite.java:74)
	at org.apache.maven.surefire.testng.TestNGProvider.invoke(TestNGProvider.java:123)
	at org.apache.maven.surefire.booter.ForkedBooter.runSuitesInProcess(ForkedBooter.java:456)
	at org.apache.maven.surefire.booter.ForkedBooter.execute(ForkedBooter.java:169)
	at org.apache.maven.surefire.booter.ForkedBooter.run(ForkedBooter.java:595)
	at org.apache.maven.surefire.booter.ForkedBooter.main(ForkedBooter.java:581)
]]></failure>
    <system-out><![CDATA[FileNotFoundException occurred: Archive\old_Reports\Reports.zip (The system cannot find the path specified)
FileNotFoundException occurred: Archive\old_screenshots\Screenshots.zip (The system cannot find the path specified)
Deleted file: C:\Users\dP-PL\LearnMaven\LearnMaven\reports\TestExecutionReport.html
Test Suite started!
2023-08-31 15:33:09,629 [main] INFO  base.BaseClass - Login to XGL
2023-08-31 15:33:09,631 [main] INFO  XGLT_15177_Test - Setting up browser
2023-08-31 15:33:13,686 [main] INFO  io.github.bonigarcia.wdm.WebDriverManager - Using msedgedriver 116.0.1938.62 (resolved driver for Edge 116)
2023-08-31 15:33:13,729 [main] INFO  io.github.bonigarcia.wdm.WebDriverManager - Reading https://msedgedriver.azureedge.net/?restype=container&comp=list to seek msedgedriver
2023-08-31 15:33:18,111 [main] INFO  io.github.bonigarcia.wdm.online.Downloader - Downloading https://msedgedriver.azureedge.net/116.0.1938.62/edgedriver_win64.zip
2023-08-31 15:33:23,824 [main] INFO  io.github.bonigarcia.wdm.online.Downloader - Extracting driver from compressed file edgedriver_win64.zip
2023-08-31 15:33:23,992 [main] INFO  io.github.bonigarcia.wdm.WebDriverManager - Exporting webdriver.edge.driver as C:\Users\dP-PL\.cache\selenium\msedgedriver\win64\116.0.1938.62\msedgedriver.exe
2023-08-31 15:33:36,988 [main] INFO  base.BaseClass - Before navigating to {url}
2023-08-31 15:33:43,040 [main] INFO  base.BaseClass - Navigated to {url}
Xpath://input[@id='login.login']
2023-08-31 15:33:43,528 [main] INFO  base.BaseClass - Trying to find Element By {by.toString()})
2023-08-31 15:33:43,590 [main] INFO  base.BaseClass - Found Element By {by.toString()}
Xpath://input[@id='login.password']
2023-08-31 15:33:43,603 [main] INFO  base.BaseClass - Trying to find Element By {by.toString()})
2023-08-31 15:33:43,649 [main] INFO  base.BaseClass - Found Element By {by.toString()}
Xpath://button[@id='login.loginButton']
2023-08-31 15:33:43,649 [main] INFO  base.BaseClass - Trying to find Element By {by.toString()})
2023-08-31 15:33:43,692 [main] INFO  base.BaseClass - Found Element By {by.toString()}
2023-08-31 15:33:44,223 [main] INFO  base.BaseClass - Trying to click on: {element.toString()}
2023-08-31 15:33:44,297 [main] INFO  base.BaseClass - Clicked on: {element.toString()}
2023-08-31 15:33:44,302 [main] INFO  base.BaseClass - Trying to find Element By {by.toString()})
2023-08-31 15:33:48,318 [main] INFO  base.BaseClass - Found Element By {by.toString()}
Before method Test name: About_network_test
About started!
2023-08-31 15:33:48,488 [main] INFO  base.BaseClass - Trying to find Element By {by.toString()})
2023-08-31 15:33:48,511 [main] INFO  base.BaseClass - Found Element By {by.toString()}
2023-08-31 15:33:48,511 [main] INFO  base.BaseClass - Trying to click on: {element.toString()}
2023-08-31 15:33:49,234 [main] INFO  base.BaseClass - Clicked on: {element.toString()}
2023-08-31 15:33:49,240 [main] INFO  base.BaseClass - Trying to find Element By {by.toString()})
2023-08-31 15:33:49,263 [main] INFO  base.BaseClass - Found Element By {by.toString()}
2023-08-31 15:33:49,288 [main] INFO  base.BaseClass - Trying to find Element By {by.toString()})
2023-08-31 15:33:49,301 [main] INFO  base.BaseClass - Found Element By {by.toString()}
2023-08-31 15:33:49,301 [main] INFO  base.BaseClass - Trying to click on: {element.toString()}
2023-08-31 15:33:49,353 [main] INFO  base.BaseClass - Clicked on: {element.toString()}
2023-08-31 15:33:49,357 [main] INFO  base.BaseClass - Trying to find Element By {by.toString()})
2023-08-31 15:33:49,703 [main] INFO  base.BaseClass - Found Element By {by.toString()}
About failed!
]]></system-out>
    <system-err><![CDATA[Starting Microsoft Edge WebDriver 116.0.1938.62 (493f2197e519d4dde5309fdf4abf4f719089372d) on port 26447
To submit feedback, report a bug, or suggest new features, please visit https://github.com/MicrosoftEdge/EdgeWebDriver

Only local connections are allowed.
Please see https://aka.ms/WebDriverSecurity for suggestions on keeping Microsoft Edge WebDriver safe.

Microsoft Edge WebDriver was started successfully.
Aug 31, 2023 3:33:36 PM org.openqa.selenium.remote.ProtocolHandshake createSession
INFO: Detected dialect: W3C
]]></system-err>
  </testcase>
</testsuite>