<?xml version="1.0" encoding="UTF-8"?>
<testsuite xmlns:xsi="http://www.w3.org/2001/XMLSchema-instance" xsi:noNamespaceSchemaLocation="https://maven.apache.org/surefire/maven-surefire-plugin/xsd/surefire-test-report-3.0.xsd" version="3.0" name="TestSuite" time="1,300.427" tests="13" errors="0" skipped="0" failures="5">
  <properties>
[...]
</properties>
  <testcase name="About" classname="XGLT_15177_Test" time="3.255">
    <system-out><![CDATA[Archive created successfully.
FileNotFoundException occurred: screenshots (The system cannot find the file specified)
Archive created successfully.
Deleted file: D:\XGL Final\XGLFinal\reports\TestExecutionReport.html
Test Suite started!
2023-09-12 21:25:06,346 [main] INFO  base.BaseClass - Login to XGL
2023-09-12 21:25:06,349 [main] INFO  XGLT_15177_Test - Setting up browser
2023-09-12 21:25:07,152 [main] INFO  io.github.bonigarcia.wdm.WebDriverManager - Using chromedriver 116.0.5845.96 (resolved driver for Chrome 116)
2023-09-12 21:25:07,179 [main] INFO  io.github.bonigarcia.wdm.WebDriverManager - Exporting webdriver.chrome.driver as C:\Users\dP-PL\.cache\selenium\chromedriver\win64\116.0.5845.96\chromedriver.exe
2023-09-12 21:25:12,947 [main] INFO  base.BaseClass - Before navigating to {url}
2023-09-12 21:25:20,007 [main] INFO  base.BaseClass - Navigated to {url}
2023-09-12 21:25:20,049 [main] INFO  base.BaseClass - Trying to find Element By {by.toString()})
2023-09-12 21:25:20,069 [main] INFO  base.BaseClass - Found Element By {by.toString()}
2023-09-12 21:25:20,147 [main] INFO  base.BaseClass - Trying to find Element By {by.toString()})
2023-09-12 21:25:20,161 [main] INFO  base.BaseClass - Found Element By {by.toString()}
2023-09-12 21:25:20,239 [main] INFO  base.BaseClass - Trying to find Element By {by.toString()})
2023-09-12 21:25:20,256 [main] INFO  base.BaseClass - Found Element By {by.toString()}
2023-09-12 21:25:20,258 [main] INFO  base.BaseClass - Trying to click on: {element.toString()}
2023-09-12 21:25:20,311 [main] INFO  base.BaseClass - Clicked on: {element.toString()}
2023-09-12 21:25:20,314 [main] INFO  base.BaseClass - Trying to find Element By {by.toString()})
2023-09-12 21:25:34,742 [main] INFO  base.BaseClass - Found Element By {by.toString()}
2023-09-12 21:25:34,797 [main] INFO  base.BaseClass - Trying to find Element By {by.toString()})
NoSuchElementException occurred: no such element: Unable to locate element: {"method":"xpath","selector":"//div[@class='modal-content']/div/i[contains(@class,'close')]"}
  (Session info: chrome=116.0.5845.182)
For documentation on this error, please visit: https://www.seleniumhq.org/exceptions/no_such_element.html
Build info: version: '3.141.59', revision: 'e82be7d358', time: '2018-11-14T08:17:03'
System info: host: 'DPLAP166', ip: '137.237.2.46', os.name: 'Windows 10', os.arch: 'amd64', os.version: '10.0', java.version: '19.0.1'
Driver info: org.openqa.selenium.chrome.ChromeDriver
Capabilities {acceptInsecureCerts: false, browserName: chrome, browserVersion: 116.0.5845.182, chrome: {chromedriverVersion: 116.0.5845.96 (1a3918166880..., userDataDir: C:\Users\dP-PL\AppData\Loca...}, fedcm:accounts: true, goog:chromeOptions: {debuggerAddress: localhost:55389}, javascriptEnabled: true, networkConnectionEnabled: false, pageLoadStrategy: normal, platform: WINDOWS, platformName: WINDOWS, proxy: Proxy(), setWindowRect: true, strictFileInteractability: false, timeouts: {implicit: 0, pageLoad: 300000, script: 30000}, unhandledPromptBehavior: dismiss and notify, webauthn:extension:credBlob: true, webauthn:extension:largeBlob: true, webauthn:extension:minPinLength: true, webauthn:extension:prf: true, webauthn:virtualAuthenticators: true}
Session ID: 48127717259f16832eb9ed138909e174
*** Element info: {Using=xpath, value=//div[@class='modal-content']/div/i[contains(@class,'close')]}
Before method Test name: About_network_test
About started!
2023-09-12 21:26:24,981 [main] INFO  base.BaseClass - Trying to find Element By {by.toString()})
2023-09-12 21:26:25,011 [main] INFO  base.BaseClass - Found Element By {by.toString()}
2023-09-12 21:26:25,012 [main] INFO  base.BaseClass - Trying to click on: {element.toString()}
2023-09-12 21:26:25,185 [main] INFO  base.BaseClass - Clicked on: {element.toString()}
2023-09-12 21:26:25,190 [main] INFO  base.BaseClass - Trying to find Element By {by.toString()})
2023-09-12 21:26:25,226 [main] INFO  base.BaseClass - Found Element By {by.toString()}
2023-09-12 21:26:25,277 [main] INFO  base.BaseClass - Trying to find Element By {by.toString()})
2023-09-12 21:26:25,302 [main] INFO  base.BaseClass - Found Element By {by.toString()}
2023-09-12 21:26:25,303 [main] INFO  base.BaseClass - Trying to click on: {element.toString()}
2023-09-12 21:26:25,383 [main] INFO  base.BaseClass - Clicked on: {element.toString()}
2023-09-12 21:26:25,389 [main] INFO  base.BaseClass - Trying to find Element By {by.toString()})
2023-09-12 21:26:25,721 [main] INFO  base.BaseClass - Found Element By {by.toString()}
2023-09-12 21:26:25,764 [main] INFO  base.BaseClass - Trying to find Element By {by.toString()})
2023-09-12 21:26:25,802 [main] INFO  base.BaseClass - Found Element By {by.toString()}
2023-09-12 21:26:25,804 [main] INFO  base.BaseClass - Trying to find Element By {by.toString()})
2023-09-12 21:26:25,823 [main] INFO  base.BaseClass - Found Element By {by.toString()}
2023-09-12 21:26:25,825 [main] INFO  base.BaseClass - Trying to find Element By {by.toString()})
2023-09-12 21:26:25,872 [main] INFO  base.BaseClass - Found Element By {by.toString()}
2023-09-12 21:26:25,917 [main] INFO  base.BaseClass - Trying to find Element By {by.toString()})
2023-09-12 21:26:25,938 [main] INFO  base.BaseClass - Found Element By {by.toString()}
2023-09-12 21:26:25,938 [main] INFO  base.BaseClass - Trying to find Element By {by.toString()})
2023-09-12 21:26:25,959 [main] INFO  base.BaseClass - Found Element By {by.toString()}
2023-09-12 21:26:25,960 [main] INFO  base.BaseClass - Trying to find Element By {by.toString()})
2023-09-12 21:26:25,981 [main] INFO  base.BaseClass - Found Element By {by.toString()}
2023-09-12 21:26:26,024 [main] INFO  base.BaseClass - Trying to find Element By {by.toString()})
2023-09-12 21:26:26,044 [main] INFO  base.BaseClass - Found Element By {by.toString()}
2023-09-12 21:26:26,045 [main] INFO  base.BaseClass - Trying to find Element By {by.toString()})
2023-09-12 21:26:26,067 [main] INFO  base.BaseClass - Found Element By {by.toString()}
2023-09-12 21:26:26,068 [main] INFO  base.BaseClass - Trying to find Element By {by.toString()})
2023-09-12 21:26:26,089 [main] INFO  base.BaseClass - Found Element By {by.toString()}
2023-09-12 21:26:26,128 [main] INFO  base.BaseClass - Trying to find Element By {by.toString()})
2023-09-12 21:26:26,148 [main] INFO  base.BaseClass - Found Element By {by.toString()}
2023-09-12 21:26:26,149 [main] INFO  base.BaseClass - Trying to find Element By {by.toString()})
2023-09-12 21:26:26,169 [main] INFO  base.BaseClass - Found Element By {by.toString()}
2023-09-12 21:26:26,169 [main] INFO  base.BaseClass - Trying to find Element By {by.toString()})
2023-09-12 21:26:26,188 [main] INFO  base.BaseClass - Found Element By {by.toString()}
2023-09-12 21:26:26,227 [main] INFO  base.BaseClass - Trying to find Element By {by.toString()})
2023-09-12 21:26:26,249 [main] INFO  base.BaseClass - Found Element By {by.toString()}
2023-09-12 21:26:26,249 [main] INFO  base.BaseClass - Trying to find Element By {by.toString()})
2023-09-12 21:26:26,269 [main] INFO  base.BaseClass - Found Element By {by.toString()}
2023-09-12 21:26:26,269 [main] INFO  base.BaseClass - Trying to find Element By {by.toString()})
2023-09-12 21:26:26,291 [main] INFO  base.BaseClass - Found Element By {by.toString()}
2023-09-12 21:26:26,322 [main] INFO  base.BaseClass - Trying to find Element By {by.toString()})
2023-09-12 21:26:26,338 [main] INFO  base.BaseClass - Found Element By {by.toString()}
2023-09-12 21:26:26,342 [main] INFO  base.BaseClass - Trying to find Element By {by.toString()})
2023-09-12 21:26:26,361 [main] INFO  base.BaseClass - Found Element By {by.toString()}
2023-09-12 21:26:27,391 [main] INFO  base.BaseClass - Trying to find Element By {by.toString()})
2023-09-12 21:26:27,408 [main] INFO  base.BaseClass - Found Element By {by.toString()}
2023-09-12 21:26:27,755 [main] INFO  base.BaseClass - Trying to find Element By {by.toString()})
2023-09-12 21:26:27,786 [main] INFO  base.BaseClass - Found Element By {by.toString()}
2023-09-12 21:26:27,787 [main] INFO  base.BaseClass - Trying to click on: {element.toString()}
2023-09-12 21:26:27,872 [main] INFO  base.BaseClass - Clicked on: {element.toString()}
About passed!
]]></system-out>
    <system-err><![CDATA[Starting ChromeDriver 116.0.5845.96 (1a391816688002153ef791ffe60d9e899a71a037-refs/branch-heads/5845@{#1382}) on port 15709
Only local connections are allowed.
Please see https://chromedriver.chromium.org/security-considerations for suggestions on keeping ChromeDriver safe.
ChromeDriver was started successfully.
Sept 12, 2023 9:25:12 PM org.openqa.selenium.remote.ProtocolHandshake createSession
INFO: Detected dialect: W3C
]]></system-err>
  </testcase>
  <testcase name="search_Network" classname="Create_Network" time="1.538">
    <system-out><![CDATA[2023-09-12 21:26:28,188 [main] INFO  XGLT_15177_Test - closing up browser
2023-09-12 21:26:28,590 [main] INFO  base.BaseClass - Login to XGL
2023-09-12 21:26:28,590 [main] INFO  XGLT_15177_Test - Setting up browser
2023-09-12 21:26:28,615 [main] INFO  io.github.bonigarcia.wdm.WebDriverManager - Using chromedriver 116.0.5845.96 (resolved driver for Chrome 116)
2023-09-12 21:26:28,651 [main] INFO  io.github.bonigarcia.wdm.WebDriverManager - Exporting webdriver.chrome.driver as C:\Users\dP-PL\.cache\selenium\chromedriver\win64\116.0.5845.96\chromedriver.exe
2023-09-12 21:26:30,568 [main] INFO  base.BaseClass - Before navigating to {url}
2023-09-12 21:26:40,876 [main] INFO  base.BaseClass - Navigated to {url}
2023-09-12 21:26:40,883 [main] INFO  base.BaseClass - Trying to find Element By {by.toString()})
2023-09-12 21:26:40,904 [main] INFO  base.BaseClass - Found Element By {by.toString()}
2023-09-12 21:26:40,985 [main] INFO  base.BaseClass - Trying to find Element By {by.toString()})
2023-09-12 21:26:41,011 [main] INFO  base.BaseClass - Found Element By {by.toString()}
2023-09-12 21:26:41,143 [main] INFO  base.BaseClass - Trying to find Element By {by.toString()})
2023-09-12 21:26:41,160 [main] INFO  base.BaseClass - Found Element By {by.toString()}
2023-09-12 21:26:41,160 [main] INFO  base.BaseClass - Trying to click on: {element.toString()}
2023-09-12 21:26:41,208 [main] INFO  base.BaseClass - Clicked on: {element.toString()}
2023-09-12 21:26:41,209 [main] INFO  base.BaseClass - Trying to find Element By {by.toString()})
2023-09-12 21:26:45,422 [main] INFO  base.BaseClass - Found Element By {by.toString()}
2023-09-12 21:26:45,451 [main] INFO  base.BaseClass - Trying to find Element By {by.toString()})
NoSuchElementException occurred: no such element: Unable to locate element: {"method":"xpath","selector":"//div[@class='modal-content']/div/i[contains(@class,'close')]"}
  (Session info: chrome=116.0.5845.182)
For documentation on this error, please visit: https://www.seleniumhq.org/exceptions/no_such_element.html
Build info: version: '3.141.59', revision: 'e82be7d358', time: '2018-11-14T08:17:03'
System info: host: 'DPLAP166', ip: '137.237.2.46', os.name: 'Windows 10', os.arch: 'amd64', os.version: '10.0', java.version: '19.0.1'
Driver info: org.openqa.selenium.chrome.ChromeDriver
Capabilities {acceptInsecureCerts: false, browserName: chrome, browserVersion: 116.0.5845.182, chrome: {chromedriverVersion: 116.0.5845.96 (1a3918166880..., userDataDir: C:\Users\dP-PL\AppData\Loca...}, fedcm:accounts: true, goog:chromeOptions: {debuggerAddress: localhost:55578}, javascriptEnabled: true, networkConnectionEnabled: false, pageLoadStrategy: normal, platform: WINDOWS, platformName: WINDOWS, proxy: Proxy(), setWindowRect: true, strictFileInteractability: false, timeouts: {implicit: 0, pageLoad: 300000, script: 30000}, unhandledPromptBehavior: dismiss and notify, webauthn:extension:credBlob: true, webauthn:extension:largeBlob: true, webauthn:extension:minPinLength: true, webauthn:extension:prf: true, webauthn:virtualAuthenticators: true}
Session ID: d66ca68599b79de155994e4e3bbaf17d
*** Element info: {Using=xpath, value=//div[@class='modal-content']/div/i[contains(@class,'close')]}
Before method Test name: About_network_test
search_Network started!
2023-09-12 21:27:35,511 [main] INFO  base.BaseClass - Trying to find Element By {by.toString()})
2023-09-12 21:27:35,536 [main] INFO  base.BaseClass - Found Element By {by.toString()}
2023-09-12 21:27:35,538 [main] INFO  base.BaseClass - Trying to click on: {element.toString()}
2023-09-12 21:27:35,603 [main] INFO  base.BaseClass - Clicked on: {element.toString()}
2023-09-12 21:27:35,606 [main] INFO  base.BaseClass - Trying to find Element By {by.toString()})
2023-09-12 21:27:35,620 [main] INFO  base.BaseClass - Found Element By {by.toString()}
2023-09-12 21:27:35,620 [main] INFO  base.BaseClass - Trying to click on: {element.toString()}
2023-09-12 21:27:35,765 [main] INFO  base.BaseClass - Clicked on: {element.toString()}
2023-09-12 21:27:35,769 [main] INFO  base.BaseClass - Trying to find Element By {by.toString()})
2023-09-12 21:27:35,796 [main] INFO  base.BaseClass - Found Element By {by.toString()}
2023-09-12 21:27:35,796 [main] INFO  base.BaseClass - Trying to click on: {element.toString()}
2023-09-12 21:27:35,892 [main] INFO  base.BaseClass - Clicked on: {element.toString()}
2023-09-12 21:27:35,896 [main] INFO  base.BaseClass - Trying to find Element By {by.toString()})
2023-09-12 21:27:35,913 [main] INFO  base.BaseClass - Found Element By {by.toString()}
2023-09-12 21:27:35,913 [main] INFO  base.BaseClass - Trying to click on: {element.toString()}
2023-09-12 21:27:35,966 [main] INFO  base.BaseClass - Clicked on: {element.toString()}
2023-09-12 21:27:35,967 [main] INFO  base.BaseClass - Trying to find Element By {by.toString()})
2023-09-12 21:27:35,986 [main] INFO  base.BaseClass - Found Element By {by.toString()}
2023-09-12 21:27:35,986 [main] INFO  base.BaseClass - Trying to click on: {element.toString()}
2023-09-12 21:27:36,029 [main] INFO  base.BaseClass - Clicked on: {element.toString()}
2023-09-12 21:27:36,029 [main] INFO  base.BaseClass - Trying to find Element By {by.toString()})
2023-09-12 21:27:36,048 [main] INFO  base.BaseClass - Found Element By {by.toString()}
2023-09-12 21:27:36,357 [main] INFO  base.BaseClass - Trying to find Element By {by.toString()})
2023-09-12 21:27:36,379 [main] INFO  base.BaseClass - Found Element By {by.toString()}
2023-09-12 21:27:36,379 [main] INFO  base.BaseClass - Trying to click on: {element.toString()}
2023-09-12 21:27:36,461 [main] INFO  base.BaseClass - Clicked on: {element.toString()}
2023-09-12 21:27:36,467 [main] INFO  base.BaseClass - Trying to find Element By {by.toString()})
2023-09-12 21:27:36,530 [main] INFO  base.BaseClass - Found Element By {by.toString()}
2023-09-12 21:27:36,677 [main] INFO  base.BaseClass - Trying to find Element By {by.toString()})
2023-09-12 21:27:36,700 [main] INFO  base.BaseClass - Found Element By {by.toString()}
2023-09-12 21:27:36,700 [main] INFO  base.BaseClass - Trying to click on: {element.toString()}
2023-09-12 21:27:36,788 [main] INFO  base.BaseClass - Clicked on: {element.toString()}
2023-09-12 21:27:36,788 [main] INFO  base.BaseClass - Trying to find Element By {by.toString()})
2023-09-12 21:27:36,817 [main] INFO  base.BaseClass - Found Element By {by.toString()}
Can proceed to create a new network 4A
search_Network passed!
]]></system-out>
    <system-err><![CDATA[Starting ChromeDriver 116.0.5845.96 (1a391816688002153ef791ffe60d9e899a71a037-refs/branch-heads/5845@{#1382}) on port 4060
Only local connections are allowed.
Please see https://chromedriver.chromium.org/security-considerations for suggestions on keeping ChromeDriver safe.
ChromeDriver was started successfully.
Sept 12, 2023 9:26:30 PM org.openqa.selenium.remote.ProtocolHandshake createSession
INFO: Detected dialect: W3C
]]></system-err>
  </testcase>
  <testcase name="create_Network" classname="Create_Network" time="0.662">
    <system-out><![CDATA[Before method Test name: About_network_test
create_Network started!
2023-09-12 21:27:37,055 [main] INFO  base.BaseClass - Trying to find Element By {by.toString()})
2023-09-12 21:27:37,070 [main] INFO  base.BaseClass - Found Element By {by.toString()}
2023-09-12 21:27:37,070 [main] INFO  base.BaseClass - Trying to click on: {element.toString()}
2023-09-12 21:27:37,207 [main] INFO  base.BaseClass - Clicked on: {element.toString()}
2023-09-12 21:27:37,210 [main] INFO  base.BaseClass - Trying to find Element By {by.toString()})
2023-09-12 21:27:37,227 [main] INFO  base.BaseClass - Found Element By {by.toString()}
2023-09-12 21:27:37,295 [main] INFO  base.BaseClass - Trying to find Element By {by.toString()})
2023-09-12 21:27:37,310 [main] INFO  base.BaseClass - Found Element By {by.toString()}
2023-09-12 21:27:37,449 [main] INFO  base.BaseClass - Trying to find Element By {by.toString()})
2023-09-12 21:27:37,465 [main] INFO  base.BaseClass - Found Element By {by.toString()}
2023-09-12 21:27:37,465 [main] INFO  base.BaseClass - Trying to click on: {element.toString()}
2023-09-12 21:27:37,511 [main] INFO  base.BaseClass - Clicked on: {element.toString()}
2023-09-12 21:27:37,511 [main] INFO  base.BaseClass - Trying to find Element By {by.toString()})
2023-09-12 21:27:37,527 [main] INFO  base.BaseClass - Found Element By {by.toString()}
Network 4A is created
create_Network passed!
]]></system-out>
  </testcase>
  <testcase name="CreateNewSalesPerson" classname="XGLT_6748_Test" time="22.058">
    <system-out><![CDATA[2023-09-12 21:27:37,717 [main] INFO  XGLT_15177_Test - closing up browser
2023-09-12 21:27:38,334 [main] INFO  XGLT_15177_Test - closing up browser
2023-09-12 21:27:38,337 [main] INFO  base.BaseClass - Login to XGL
2023-09-12 21:27:38,337 [main] INFO  XGLT_15177_Test - Setting up browser
2023-09-12 21:27:43,057 [main] INFO  io.github.bonigarcia.wdm.WebDriverManager - Using chromedriver 116.0.5845.96 (resolved driver for Chrome 116)
2023-09-12 21:27:43,090 [main] INFO  io.github.bonigarcia.wdm.WebDriverManager - Exporting webdriver.chrome.driver as C:\Users\dP-PL\.cache\selenium\chromedriver\win64\116.0.5845.96\chromedriver.exe
2023-09-12 21:27:44,314 [main] INFO  base.BaseClass - Before navigating to {url}
2023-09-12 21:27:51,989 [main] INFO  base.BaseClass - Navigated to {url}
2023-09-12 21:27:51,993 [main] INFO  base.BaseClass - Trying to find Element By {by.toString()})
2023-09-12 21:27:52,010 [main] INFO  base.BaseClass - Found Element By {by.toString()}
2023-09-12 21:27:52,073 [main] INFO  base.BaseClass - Trying to find Element By {by.toString()})
2023-09-12 21:27:52,088 [main] INFO  base.BaseClass - Found Element By {by.toString()}
2023-09-12 21:27:52,161 [main] INFO  base.BaseClass - Trying to find Element By {by.toString()})
2023-09-12 21:27:52,175 [main] INFO  base.BaseClass - Found Element By {by.toString()}
2023-09-12 21:27:52,176 [main] INFO  base.BaseClass - Trying to click on: {element.toString()}
2023-09-12 21:27:52,220 [main] INFO  base.BaseClass - Clicked on: {element.toString()}
2023-09-12 21:27:52,220 [main] INFO  base.BaseClass - Trying to find Element By {by.toString()})
2023-09-12 21:28:07,593 [main] INFO  base.BaseClass - Found Element By {by.toString()}
2023-09-12 21:28:07,620 [main] INFO  base.BaseClass - Trying to find Element By {by.toString()})
NoSuchElementException occurred: no such element: Unable to locate element: {"method":"xpath","selector":"//div[@class='modal-content']/div/i[contains(@class,'close')]"}
  (Session info: chrome=116.0.5845.182)
For documentation on this error, please visit: https://www.seleniumhq.org/exceptions/no_such_element.html
Build info: version: '3.141.59', revision: 'e82be7d358', time: '2018-11-14T08:17:03'
System info: host: 'DPLAP166', ip: '137.237.2.46', os.name: 'Windows 10', os.arch: 'amd64', os.version: '10.0', java.version: '19.0.1'
Driver info: org.openqa.selenium.chrome.ChromeDriver
Capabilities {acceptInsecureCerts: false, browserName: chrome, browserVersion: 116.0.5845.182, chrome: {chromedriverVersion: 116.0.5845.96 (1a3918166880..., userDataDir: C:\Users\dP-PL\AppData\Loca...}, fedcm:accounts: true, goog:chromeOptions: {debuggerAddress: localhost:55753}, javascriptEnabled: true, networkConnectionEnabled: false, pageLoadStrategy: normal, platform: WINDOWS, platformName: WINDOWS, proxy: Proxy(), setWindowRect: true, strictFileInteractability: false, timeouts: {implicit: 0, pageLoad: 300000, script: 30000}, unhandledPromptBehavior: dismiss and notify, webauthn:extension:credBlob: true, webauthn:extension:largeBlob: true, webauthn:extension:minPinLength: true, webauthn:extension:prf: true, webauthn:virtualAuthenticators: true}
Session ID: f94188deecba8efafc064404bdb5fa4d
*** Element info: {Using=xpath, value=//div[@class='modal-content']/div/i[contains(@class,'close')]}
Before method Test name: About_network_test
CreateNewSalesPerson started!
2023-09-12 21:28:57,696 [main] INFO  base.BaseClass - Trying to find Element By {by.toString()})
2023-09-12 21:28:57,721 [main] INFO  base.BaseClass - Found Element By {by.toString()}
2023-09-12 21:28:57,722 [main] INFO  base.BaseClass - Trying to click on: {element.toString()}
2023-09-12 21:28:57,826 [main] INFO  base.BaseClass - Clicked on: {element.toString()}
2023-09-12 21:28:57,826 [main] INFO  base.BaseClass - Trying to find Element By {by.toString()})
2023-09-12 21:28:57,840 [main] INFO  base.BaseClass - Found Element By {by.toString()}
2023-09-12 21:28:57,841 [main] INFO  base.BaseClass - Trying to click on: {element.toString()}
2023-09-12 21:28:57,990 [main] INFO  base.BaseClass - Clicked on: {element.toString()}
2023-09-12 21:28:57,994 [main] INFO  base.BaseClass - Trying to find Element By {by.toString()})
2023-09-12 21:28:58,018 [main] INFO  base.BaseClass - Found Element By {by.toString()}
2023-09-12 21:28:58,038 [main] INFO  base.BaseClass - Trying to find Element By {by.toString()})
2023-09-12 21:28:58,055 [main] INFO  base.BaseClass - Found Element By {by.toString()}
2023-09-12 21:28:58,055 [main] INFO  base.BaseClass - Trying to click on: {element.toString()}
2023-09-12 21:28:58,173 [main] INFO  base.BaseClass - Clicked on: {element.toString()}
2023-09-12 21:28:58,174 [main] INFO  base.BaseClass - Trying to find Element By {by.toString()})
2023-09-12 21:28:58,196 [main] INFO  base.BaseClass - Found Element By {by.toString()}
2023-09-12 21:28:58,283 [main] INFO  base.BaseClass - Trying to find Element By {by.toString()})
2023-09-12 21:28:58,298 [main] INFO  base.BaseClass - Found Element By {by.toString()}
2023-09-12 21:28:58,382 [main] INFO  base.BaseClass - Trying to find Element By {by.toString()})
2023-09-12 21:28:58,400 [main] INFO  base.BaseClass - Found Element By {by.toString()}
2023-09-12 21:28:58,936 [main] INFO  base.BaseClass - Trying to find Element By {by.toString()})
2023-09-12 21:28:58,970 [main] INFO  base.BaseClass - Found Element By {by.toString()}
2023-09-12 21:28:59,524 [main] INFO  base.BaseClass - Trying to find Element By {by.toString()})
2023-09-12 21:28:59,545 [main] INFO  base.BaseClass - Found Element By {by.toString()}
2023-09-12 21:29:00,084 [main] INFO  base.BaseClass - Trying to find Element By {by.toString()})
2023-09-12 21:29:00,104 [main] INFO  base.BaseClass - Found Element By {by.toString()}
2023-09-12 21:29:00,632 [main] INFO  base.BaseClass - Trying to find Element By {by.toString()})
2023-09-12 21:29:00,664 [main] INFO  base.BaseClass - Found Element By {by.toString()}
2023-09-12 21:29:01,208 [main] INFO  base.BaseClass - Trying to find Element By {by.toString()})
2023-09-12 21:29:01,241 [main] INFO  base.BaseClass - Found Element By {by.toString()}
2023-09-12 21:29:01,782 [main] INFO  base.BaseClass - Trying to find Element By {by.toString()})
2023-09-12 21:29:01,813 [main] INFO  base.BaseClass - Found Element By {by.toString()}
2023-09-12 21:29:02,358 [main] INFO  base.BaseClass - Trying to find Element By {by.toString()})
2023-09-12 21:29:02,391 [main] INFO  base.BaseClass - Found Element By {by.toString()}
2023-09-12 21:29:02,933 [main] INFO  base.BaseClass - Trying to find Element By {by.toString()})
2023-09-12 21:29:02,946 [main] INFO  base.BaseClass - Found Element By {by.toString()}
2023-09-12 21:29:03,477 [main] INFO  base.BaseClass - Trying to find Element By {by.toString()})
2023-09-12 21:29:03,508 [main] INFO  base.BaseClass - Found Element By {by.toString()}
2023-09-12 21:29:04,051 [main] INFO  base.BaseClass - Trying to find Element By {by.toString()})
2023-09-12 21:29:04,085 [main] INFO  base.BaseClass - Found Element By {by.toString()}
2023-09-12 21:29:04,639 [main] INFO  base.BaseClass - Trying to find Element By {by.toString()})
2023-09-12 21:29:04,672 [main] INFO  base.BaseClass - Found Element By {by.toString()}
2023-09-12 21:29:05,214 [main] INFO  base.BaseClass - Trying to find Element By {by.toString()})
2023-09-12 21:29:05,245 [main] INFO  base.BaseClass - Found Element By {by.toString()}
2023-09-12 21:29:05,789 [main] INFO  base.BaseClass - Trying to find Element By {by.toString()})
2023-09-12 21:29:05,821 [main] INFO  base.BaseClass - Found Element By {by.toString()}
2023-09-12 21:29:06,361 [main] INFO  base.BaseClass - Trying to find Element By {by.toString()})
2023-09-12 21:29:06,381 [main] INFO  base.BaseClass - Found Element By {by.toString()}
2023-09-12 21:29:06,919 [main] INFO  base.BaseClass - Trying to find Element By {by.toString()})
2023-09-12 21:29:06,960 [main] INFO  base.BaseClass - Found Element By {by.toString()}
2023-09-12 21:29:07,488 [main] INFO  base.BaseClass - Trying to find Element By {by.toString()})
2023-09-12 21:29:07,541 [main] INFO  base.BaseClass - Found Element By {by.toString()}
2023-09-12 21:29:08,072 [main] INFO  base.BaseClass - Trying to find Element By {by.toString()})
2023-09-12 21:29:09,195 [main] INFO  base.BaseClass - Found Element By {by.toString()}
2023-09-12 21:29:09,749 [main] INFO  base.BaseClass - Trying to find Element By {by.toString()})
2023-09-12 21:29:09,770 [main] INFO  base.BaseClass - Found Element By {by.toString()}
2023-09-12 21:29:10,293 [main] INFO  base.BaseClass - Trying to find Element By {by.toString()})
2023-09-12 21:29:10,303 [main] INFO  base.BaseClass - Found Element By {by.toString()}
2023-09-12 21:29:10,821 [main] INFO  base.BaseClass - Trying to find Element By {by.toString()})
2023-09-12 21:29:10,840 [main] INFO  base.BaseClass - Found Element By {by.toString()}
2023-09-12 21:29:11,379 [main] INFO  base.BaseClass - Trying to find Element By {by.toString()})
2023-09-12 21:29:11,401 [main] INFO  base.BaseClass - Found Element By {by.toString()}
2023-09-12 21:29:11,941 [main] INFO  base.BaseClass - Trying to find Element By {by.toString()})
2023-09-12 21:29:11,974 [main] INFO  base.BaseClass - Found Element By {by.toString()}
2023-09-12 21:29:12,531 [main] INFO  base.BaseClass - Trying to find Element By {by.toString()})
2023-09-12 21:29:12,563 [main] INFO  base.BaseClass - Found Element By {by.toString()}
2023-09-12 21:29:13,088 [main] INFO  base.BaseClass - Trying to find Element By {by.toString()})
2023-09-12 21:29:13,120 [main] INFO  base.BaseClass - Found Element By {by.toString()}
2023-09-12 21:29:13,662 [main] INFO  base.BaseClass - Trying to find Element By {by.toString()})
2023-09-12 21:29:13,683 [main] INFO  base.BaseClass - Found Element By {by.toString()}
2023-09-12 21:29:14,215 [main] INFO  base.BaseClass - Trying to find Element By {by.toString()})
2023-09-12 21:29:14,248 [main] INFO  base.BaseClass - Found Element By {by.toString()}
2023-09-12 21:29:14,791 [main] INFO  base.BaseClass - Trying to find Element By {by.toString()})
2023-09-12 21:29:14,824 [main] INFO  base.BaseClass - Found Element By {by.toString()}
2023-09-12 21:29:15,366 [main] INFO  base.BaseClass - Trying to find Element By {by.toString()})
2023-09-12 21:29:15,398 [main] INFO  base.BaseClass - Found Element By {by.toString()}
2023-09-12 21:29:15,954 [main] INFO  base.BaseClass - Trying to find Element By {by.toString()})
2023-09-12 21:29:15,989 [main] INFO  base.BaseClass - Found Element By {by.toString()}
2023-09-12 21:29:16,544 [main] INFO  base.BaseClass - Trying to find Element By {by.toString()})
2023-09-12 21:29:16,576 [main] INFO  base.BaseClass - Found Element By {by.toString()}
2023-09-12 21:29:17,113 [main] INFO  base.BaseClass - Trying to find Element By {by.toString()})
2023-09-12 21:29:17,143 [main] INFO  base.BaseClass - Found Element By {by.toString()}
2023-09-12 21:29:17,673 [main] INFO  base.BaseClass - Trying to find Element By {by.toString()})
2023-09-12 21:29:17,692 [main] INFO  base.BaseClass - Found Element By {by.toString()}
2023-09-12 21:29:18,233 [main] INFO  base.BaseClass - Trying to find Element By {by.toString()})
2023-09-12 21:29:18,265 [main] INFO  base.BaseClass - Found Element By {by.toString()}
2023-09-12 21:29:18,796 [main] INFO  base.BaseClass - Trying to find Element By {by.toString()})
2023-09-12 21:29:18,828 [main] INFO  base.BaseClass - Found Element By {by.toString()}
TimeoutException occurred: Expected condition failed: waiting for helper.WaitUtility$4@4f2ac7e0 (tried for 20 second(s) with 500 milliseconds interval)
Build info: version: '3.141.59', revision: 'e82be7d358', time: '2018-11-14T08:17:03'
System info: host: 'DPLAP166', ip: '137.237.2.46', os.name: 'Windows 10', os.arch: 'amd64', os.version: '10.0', java.version: '19.0.1'
Driver info: org.openqa.selenium.support.events.EventFiringWebDriver
Capabilities {acceptInsecureCerts: false, browserName: chrome, browserVersion: 116.0.5845.182, chrome: {chromedriverVersion: 116.0.5845.96 (1a3918166880..., userDataDir: C:\Users\dP-PL\AppData\Loca...}, fedcm:accounts: true, goog:chromeOptions: {debuggerAddress: localhost:55753}, javascriptEnabled: true, networkConnectionEnabled: false, pageLoadStrategy: normal, platform: WINDOWS, platformName: WINDOWS, proxy: Proxy(), setWindowRect: true, strictFileInteractability: false, timeouts: {implicit: 0, pageLoad: 300000, script: 30000}, unhandledPromptBehavior: dismiss and notify, webauthn:extension:credBlob: true, webauthn:extension:largeBlob: true, webauthn:extension:minPinLength: true, webauthn:extension:prf: true, webauthn:virtualAuthenticators: true}
Session ID: f94188deecba8efafc064404bdb5fa4d
2023-09-12 21:29:18,864 [main] ERROR XGLT_15177_Test - Element did not become visible within the specified time: Expected condition failed: waiting for helper.WaitUtility$4@4f2ac7e0 (tried for 20 second(s) with 500 milliseconds interval)
Build info: version: '3.141.59', revision: 'e82be7d358', time: '2018-11-14T08:17:03'
System info: host: 'DPLAP166', ip: '137.237.2.46', os.name: 'Windows 10', os.arch: 'amd64', os.version: '10.0', java.version: '19.0.1'
Driver info: org.openqa.selenium.support.events.EventFiringWebDriver
Capabilities {acceptInsecureCerts: false, browserName: chrome, browserVersion: 116.0.5845.182, chrome: {chromedriverVersion: 116.0.5845.96 (1a3918166880..., userDataDir: C:\Users\dP-PL\AppData\Loca...}, fedcm:accounts: true, goog:chromeOptions: {debuggerAddress: localhost:55753}, javascriptEnabled: true, networkConnectionEnabled: false, pageLoadStrategy: normal, platform: WINDOWS, platformName: WINDOWS, proxy: Proxy(), setWindowRect: true, strictFileInteractability: false, timeouts: {implicit: 0, pageLoad: 300000, script: 30000}, unhandledPromptBehavior: dismiss and notify, webauthn:extension:credBlob: true, webauthn:extension:largeBlob: true, webauthn:extension:minPinLength: true, webauthn:extension:prf: true, webauthn:virtualAuthenticators: true}
Session ID: f94188deecba8efafc064404bdb5fa4d
2023-09-12 21:29:18,880 [Forwarding actions on session f94188deecba8efafc064404bdb5fa4d to remote] INFO  base.BaseClass - Trying to find Element By {by.toString()})
2023-09-12 21:29:18,899 [Forwarding actions on session f94188deecba8efafc064404bdb5fa4d to remote] INFO  base.BaseClass - Found Element By {by.toString()}
2023-09-12 21:29:19,033 [main] INFO  base.BaseClass - Trying to find Element By {by.toString()})
2023-09-12 21:29:19,050 [main] INFO  base.BaseClass - Found Element By {by.toString()}
2023-09-12 21:29:19,051 [main] INFO  base.BaseClass - Trying to click on: {element.toString()}
2023-09-12 21:29:19,123 [main] INFO  base.BaseClass - Clicked on: {element.toString()}
2023-09-12 21:29:19,123 [main] INFO  base.BaseClass - Trying to find Element By {by.toString()})
2023-09-12 21:29:19,140 [main] INFO  base.BaseClass - Found Element By {by.toString()}
2023-09-12 21:29:19,150 [main] INFO  base.BaseClass - Trying to click on: {element.toString()}
2023-09-12 21:29:19,192 [main] INFO  base.BaseClass - Clicked on: {element.toString()}
2023-09-12 21:29:19,193 [Forwarding actions on session f94188deecba8efafc064404bdb5fa4d to remote] INFO  base.BaseClass - Trying to find Element By {by.toString()})
2023-09-12 21:29:19,208 [Forwarding actions on session f94188deecba8efafc064404bdb5fa4d to remote] INFO  base.BaseClass - Found Element By {by.toString()}
2023-09-12 21:29:19,327 [main] INFO  base.BaseClass - Trying to find Element By {by.toString()})
2023-09-12 21:29:19,349 [main] INFO  base.BaseClass - Found Element By {by.toString()}
2023-09-12 21:29:19,349 [main] INFO  base.BaseClass - Trying to click on: {element.toString()}
2023-09-12 21:29:19,413 [main] INFO  base.BaseClass - Clicked on: {element.toString()}
2023-09-12 21:29:19,413 [main] INFO  base.BaseClass - Trying to find Element By {by.toString()})
2023-09-12 21:29:19,427 [main] INFO  base.BaseClass - Found Element By {by.toString()}
2023-09-12 21:29:19,437 [main] INFO  base.BaseClass - Trying to click on: {element.toString()}
2023-09-12 21:29:19,478 [main] INFO  base.BaseClass - Clicked on: {element.toString()}
2023-09-12 21:29:19,478 [main] INFO  base.BaseClass - Trying to find Element By {by.toString()})
2023-09-12 21:29:19,493 [main] INFO  base.BaseClass - Found Element By {by.toString()}
2023-09-12 21:29:19,493 [main] INFO  base.BaseClass - Trying to click on: {element.toString()}
2023-09-12 21:29:19,534 [main] INFO  base.BaseClass - Clicked on: {element.toString()}
2023-09-12 21:29:19,536 [main] INFO  base.BaseClass - Trying to find Element By {by.toString()})
2023-09-12 21:29:19,552 [main] INFO  base.BaseClass - Found Element By {by.toString()}
2023-09-12 21:29:19,572 [main] INFO  base.BaseClass - Trying to find Element By {by.toString()})
2023-09-12 21:29:19,591 [main] INFO  base.BaseClass - Found Element By {by.toString()}
CreateNewSalesPerson passed!
]]></system-out>
    <system-err><![CDATA[Starting ChromeDriver 116.0.5845.96 (1a391816688002153ef791ffe60d9e899a71a037-refs/branch-heads/5845@{#1382}) on port 1215
Only local connections are allowed.
Please see https://chromedriver.chromium.org/security-considerations for suggestions on keeping ChromeDriver safe.
ChromeDriver was started successfully.
Sept 12, 2023 9:27:44 PM org.openqa.selenium.remote.ProtocolHandshake createSession
INFO: Detected dialect: W3C
]]></system-err>
  </testcase>
  <testcase name="MissonControlReset" classname="XGLT_6693_Test" time="10.731">
    <system-out><![CDATA[2023-09-12 21:29:19,760 [main] INFO  XGLT_15177_Test - closing up browser
2023-09-12 21:29:20,972 [main] INFO  base.BaseClass - Login to XGL
2023-09-12 21:29:20,972 [main] INFO  XGLT_15177_Test - Setting up browser
2023-09-12 21:29:21,015 [main] INFO  io.github.bonigarcia.wdm.WebDriverManager - Using chromedriver 116.0.5845.96 (resolved driver for Chrome 116)
2023-09-12 21:29:21,069 [main] INFO  io.github.bonigarcia.wdm.WebDriverManager - Exporting webdriver.chrome.driver as C:\Users\dP-PL\.cache\selenium\chromedriver\win64\116.0.5845.96\chromedriver.exe
2023-09-12 21:29:22,976 [main] INFO  base.BaseClass - Before navigating to {url}
2023-09-12 21:29:30,512 [main] INFO  base.BaseClass - Navigated to {url}
2023-09-12 21:29:30,515 [main] INFO  base.BaseClass - Trying to find Element By {by.toString()})
2023-09-12 21:29:30,546 [main] INFO  base.BaseClass - Found Element By {by.toString()}
2023-09-12 21:29:30,631 [main] INFO  base.BaseClass - Trying to find Element By {by.toString()})
2023-09-12 21:29:30,653 [main] INFO  base.BaseClass - Found Element By {by.toString()}
2023-09-12 21:29:30,800 [main] INFO  base.BaseClass - Trying to find Element By {by.toString()})
2023-09-12 21:29:30,829 [main] INFO  base.BaseClass - Found Element By {by.toString()}
2023-09-12 21:29:30,829 [main] INFO  base.BaseClass - Trying to click on: {element.toString()}
2023-09-12 21:29:30,904 [main] INFO  base.BaseClass - Clicked on: {element.toString()}
2023-09-12 21:29:30,904 [main] INFO  base.BaseClass - Trying to find Element By {by.toString()})
2023-09-12 21:29:39,638 [main] INFO  base.BaseClass - Found Element By {by.toString()}
2023-09-12 21:29:39,664 [main] INFO  base.BaseClass - Trying to find Element By {by.toString()})
NoSuchElementException occurred: no such element: Unable to locate element: {"method":"xpath","selector":"//div[@class='modal-content']/div/i[contains(@class,'close')]"}
  (Session info: chrome=116.0.5845.182)
For documentation on this error, please visit: https://www.seleniumhq.org/exceptions/no_such_element.html
Build info: version: '3.141.59', revision: 'e82be7d358', time: '2018-11-14T08:17:03'
System info: host: 'DPLAP166', ip: '137.237.2.46', os.name: 'Windows 10', os.arch: 'amd64', os.version: '10.0', java.version: '19.0.1'
Driver info: org.openqa.selenium.chrome.ChromeDriver
Capabilities {acceptInsecureCerts: false, browserName: chrome, browserVersion: 116.0.5845.182, chrome: {chromedriverVersion: 116.0.5845.96 (1a3918166880..., userDataDir: C:\Users\dP-PL\AppData\Loca...}, fedcm:accounts: true, goog:chromeOptions: {debuggerAddress: localhost:55986}, javascriptEnabled: true, networkConnectionEnabled: false, pageLoadStrategy: normal, platform: WINDOWS, platformName: WINDOWS, proxy: Proxy(), setWindowRect: true, strictFileInteractability: false, timeouts: {implicit: 0, pageLoad: 300000, script: 30000}, unhandledPromptBehavior: dismiss and notify, webauthn:extension:credBlob: true, webauthn:extension:largeBlob: true, webauthn:extension:minPinLength: true, webauthn:extension:prf: true, webauthn:virtualAuthenticators: true}
Session ID: 9dc4992d30233359ba954d42db6fc114
*** Element info: {Using=xpath, value=//div[@class='modal-content']/div/i[contains(@class,'close')]}
Before method Test name: About_network_test
MissonControlReset started!
2023-09-12 21:30:29,764 [main] INFO  base.BaseClass - Trying to find Element By {by.toString()})
2023-09-12 21:30:29,790 [main] INFO  base.BaseClass - Found Element By {by.toString()}
2023-09-12 21:30:29,873 [main] INFO  base.BaseClass - Trying to find Element By {by.toString()})
2023-09-12 21:30:29,897 [main] INFO  base.BaseClass - Found Element By {by.toString()}
2023-09-12 21:30:30,922 [main] INFO  base.BaseClass - Trying to find Element By {by.toString()})
2023-09-12 21:30:30,942 [main] INFO  base.BaseClass - Found Element By {by.toString()}
2023-09-12 21:30:30,958 [main] INFO  base.BaseClass - Trying to find Element By {by.toString()})
2023-09-12 21:30:30,972 [main] INFO  base.BaseClass - Found Element By {by.toString()}
2023-09-12 21:30:31,002 [main] INFO  base.BaseClass - Trying to find Element By {by.toString()})
2023-09-12 21:30:31,021 [main] INFO  base.BaseClass - Found Element By {by.toString()}
2023-09-12 21:30:31,021 [main] INFO  base.BaseClass - Trying to click on: {element.toString()}
2023-09-12 21:30:31,089 [main] INFO  base.BaseClass - Clicked on: {element.toString()}
2023-09-12 21:30:32,589 [main] INFO  base.BaseClass - Trying to find Element By {by.toString()})
2023-09-12 21:30:32,994 [main] INFO  base.BaseClass - Found Element By {by.toString()}
2023-09-12 21:30:33,004 [main] INFO  base.BaseClass - Trying to find Element By {by.toString()})
2023-09-12 21:30:33,017 [main] INFO  base.BaseClass - Found Element By {by.toString()}
2023-09-12 21:30:34,038 [main] INFO  base.BaseClass - Trying to find Element By {by.toString()})
2023-09-12 21:30:34,053 [main] INFO  base.BaseClass - Found Element By {by.toString()}
2023-09-12 21:30:34,062 [main] INFO  base.BaseClass - Trying to find Element By {by.toString()})
2023-09-12 21:30:34,075 [main] INFO  base.BaseClass - Found Element By {by.toString()}
2023-09-12 21:30:34,109 [main] INFO  base.BaseClass - Trying to find Element By {by.toString()})
2023-09-12 21:30:34,128 [main] INFO  base.BaseClass - Found Element By {by.toString()}
2023-09-12 21:30:34,128 [main] INFO  base.BaseClass - Trying to click on: {element.toString()}
2023-09-12 21:30:34,205 [main] INFO  base.BaseClass - Clicked on: {element.toString()}
2023-09-12 21:30:34,206 [main] INFO  base.BaseClass - Trying to find Element By {by.toString()})
2023-09-12 21:30:34,224 [main] INFO  base.BaseClass - Found Element By {by.toString()}
2023-09-12 21:30:34,905 [main] INFO  base.BaseClass - Trying to click on: {element.toString()}
2023-09-12 21:30:35,072 [main] INFO  base.BaseClass - Clicked on: {element.toString()}
2023-09-12 21:30:35,073 [main] INFO  base.BaseClass - Trying to find Element By {by.toString()})
2023-09-12 21:30:35,094 [main] INFO  base.BaseClass - Found Element By {by.toString()}
2023-09-12 21:30:35,094 [main] INFO  base.BaseClass - Trying to click on: {element.toString()}
2023-09-12 21:30:35,178 [main] INFO  base.BaseClass - Clicked on: {element.toString()}
2023-09-12 21:30:35,179 [main] INFO  base.BaseClass - Trying to find Element By {by.toString()})
2023-09-12 21:30:40,291 [main] INFO  base.BaseClass - Found Element By {by.toString()}
MissonControlReset passed!
]]></system-out>
    <system-err><![CDATA[Starting ChromeDriver 116.0.5845.96 (1a391816688002153ef791ffe60d9e899a71a037-refs/branch-heads/5845@{#1382}) on port 2165
Only local connections are allowed.
Please see https://chromedriver.chromium.org/security-considerations for suggestions on keeping ChromeDriver safe.
ChromeDriver was started successfully.
Sept 12, 2023 9:29:22 PM org.openqa.selenium.remote.ProtocolHandshake createSession
INFO: Detected dialect: W3C
]]></system-err>
  </testcase>
  <testcase name="NetworkInstanceCurrentWeekPA" classname="XGLT_6688_Test" time="58.284">
    <system-out><![CDATA[2023-09-12 21:30:40,494 [main] INFO  XGLT_15177_Test - closing up browser
2023-09-12 21:30:40,713 [main] INFO  base.BaseClass - Login to XGL
2023-09-12 21:30:40,713 [main] INFO  XGLT_15177_Test - Setting up browser
2023-09-12 21:30:40,749 [main] INFO  io.github.bonigarcia.wdm.WebDriverManager - Using chromedriver 116.0.5845.96 (resolved driver for Chrome 116)
2023-09-12 21:30:40,795 [main] INFO  io.github.bonigarcia.wdm.WebDriverManager - Exporting webdriver.chrome.driver as C:\Users\dP-PL\.cache\selenium\chromedriver\win64\116.0.5845.96\chromedriver.exe
2023-09-12 21:30:42,123 [main] INFO  base.BaseClass - Before navigating to {url}
2023-09-12 21:30:58,810 [main] INFO  base.BaseClass - Navigated to {url}
2023-09-12 21:30:58,815 [main] INFO  base.BaseClass - Trying to find Element By {by.toString()})
2023-09-12 21:30:58,835 [main] INFO  base.BaseClass - Found Element By {by.toString()}
2023-09-12 21:30:58,893 [main] INFO  base.BaseClass - Trying to find Element By {by.toString()})
2023-09-12 21:30:58,908 [main] INFO  base.BaseClass - Found Element By {by.toString()}
2023-09-12 21:30:58,981 [main] INFO  base.BaseClass - Trying to find Element By {by.toString()})
2023-09-12 21:30:58,997 [main] INFO  base.BaseClass - Found Element By {by.toString()}
2023-09-12 21:30:58,997 [main] INFO  base.BaseClass - Trying to click on: {element.toString()}
2023-09-12 21:30:59,042 [main] INFO  base.BaseClass - Clicked on: {element.toString()}
2023-09-12 21:30:59,042 [main] INFO  base.BaseClass - Trying to find Element By {by.toString()})
2023-09-12 21:31:22,414 [main] INFO  base.BaseClass - Found Element By {by.toString()}
2023-09-12 21:31:22,437 [main] INFO  base.BaseClass - Trying to find Element By {by.toString()})
NoSuchElementException occurred: no such element: Unable to locate element: {"method":"xpath","selector":"//div[@class='modal-content']/div/i[contains(@class,'close')]"}
  (Session info: chrome=116.0.5845.182)
For documentation on this error, please visit: https://www.seleniumhq.org/exceptions/no_such_element.html
Build info: version: '3.141.59', revision: 'e82be7d358', time: '2018-11-14T08:17:03'
System info: host: 'DPLAP166', ip: '137.237.2.46', os.name: 'Windows 10', os.arch: 'amd64', os.version: '10.0', java.version: '19.0.1'
Driver info: org.openqa.selenium.chrome.ChromeDriver
Capabilities {acceptInsecureCerts: false, browserName: chrome, browserVersion: 116.0.5845.182, chrome: {chromedriverVersion: 116.0.5845.96 (1a3918166880..., userDataDir: C:\Users\dP-PL\AppData\Loca...}, fedcm:accounts: true, goog:chromeOptions: {debuggerAddress: localhost:56168}, javascriptEnabled: true, networkConnectionEnabled: false, pageLoadStrategy: normal, platform: WINDOWS, platformName: WINDOWS, proxy: Proxy(), setWindowRect: true, strictFileInteractability: false, timeouts: {implicit: 0, pageLoad: 300000, script: 30000}, unhandledPromptBehavior: dismiss and notify, webauthn:extension:credBlob: true, webauthn:extension:largeBlob: true, webauthn:extension:minPinLength: true, webauthn:extension:prf: true, webauthn:virtualAuthenticators: true}
Session ID: 43a1c8ab801cfd390bc0f6700058e6e3
*** Element info: {Using=xpath, value=//div[@class='modal-content']/div/i[contains(@class,'close')]}
Before method Test name: About_network_test
NetworkInstanceCurrentWeekPA started!
2023-09-12 21:32:12,514 [main] INFO  base.BaseClass - Trying to find Element By {by.toString()})
2023-09-12 21:32:12,545 [main] INFO  base.BaseClass - Found Element By {by.toString()}
2023-09-12 21:32:12,570 [main] INFO  base.BaseClass - Trying to find Element By {by.toString()})
2023-09-12 21:32:12,586 [main] INFO  base.BaseClass - Found Element By {by.toString()}
2023-09-12 21:32:12,646 [main] INFO  base.BaseClass - Trying to find Element By {by.toString()})
2023-09-12 21:32:12,657 [main] INFO  base.BaseClass - Found Element By {by.toString()}
2023-09-12 21:32:13,677 [main] INFO  base.BaseClass - Trying to find Element By {by.toString()})
2023-09-12 21:32:13,709 [main] INFO  base.BaseClass - Found Element By {by.toString()}
2023-09-12 21:32:13,724 [main] INFO  base.BaseClass - Trying to find Element By {by.toString()})
2023-09-12 21:32:13,738 [main] INFO  base.BaseClass - Found Element By {by.toString()}
2023-09-12 21:32:13,763 [main] INFO  base.BaseClass - Trying to find Element By {by.toString()})
2023-09-12 21:32:13,783 [main] INFO  base.BaseClass - Found Element By {by.toString()}
2023-09-12 21:32:13,784 [main] INFO  base.BaseClass - Trying to click on: {element.toString()}
2023-09-12 21:32:13,836 [main] INFO  base.BaseClass - Clicked on: {element.toString()}
2023-09-12 21:32:14,838 [main] INFO  base.BaseClass - Trying to find Element By {by.toString()})
2023-09-12 21:32:15,265 [main] INFO  base.BaseClass - Found Element By {by.toString()}
2023-09-12 21:32:15,276 [main] INFO  base.BaseClass - Trying to find Element By {by.toString()})
2023-09-12 21:32:15,286 [main] INFO  base.BaseClass - Found Element By {by.toString()}
2023-09-12 21:32:16,296 [main] INFO  base.BaseClass - Trying to find Element By {by.toString()})
2023-09-12 21:32:16,382 [main] INFO  base.BaseClass - Found Element By {by.toString()}
2023-09-12 21:32:16,493 [main] INFO  base.BaseClass - Trying to find Element By {by.toString()})
2023-09-12 21:32:16,507 [main] INFO  base.BaseClass - Found Element By {by.toString()}
2023-09-12 21:32:16,544 [main] INFO  base.BaseClass - Trying to find Element By {by.toString()})
2023-09-12 21:32:16,561 [main] INFO  base.BaseClass - Found Element By {by.toString()}
2023-09-12 21:32:16,561 [main] INFO  base.BaseClass - Trying to click on: {element.toString()}
2023-09-12 21:32:16,655 [main] INFO  base.BaseClass - Clicked on: {element.toString()}
2023-09-12 21:32:16,655 [main] INFO  base.BaseClass - Trying to find Element By {by.toString()})
2023-09-12 21:32:16,678 [main] INFO  base.BaseClass - Found Element By {by.toString()}
2023-09-12 21:32:16,776 [main] INFO  base.BaseClass - Trying to click on: {element.toString()}
2023-09-12 21:32:16,837 [main] INFO  base.BaseClass - Clicked on: {element.toString()}
2023-09-12 21:32:16,838 [main] INFO  base.BaseClass - Trying to find Element By {by.toString()})
2023-09-12 21:32:16,859 [main] INFO  base.BaseClass - Found Element By {by.toString()}
2023-09-12 21:32:16,859 [main] INFO  base.BaseClass - Trying to click on: {element.toString()}
2023-09-12 21:32:16,915 [main] INFO  base.BaseClass - Clicked on: {element.toString()}
2023-09-12 21:32:16,916 [main] INFO  base.BaseClass - Trying to find Element By {by.toString()})
2023-09-12 21:32:17,738 [main] INFO  base.BaseClass - Found Element By {by.toString()}
2023-09-12 21:32:17,826 [main] INFO  base.BaseClass - Trying to find Element By {by.toString()})
2023-09-12 21:32:17,853 [main] INFO  base.BaseClass - Found Element By {by.toString()}
2023-09-12 21:32:17,871 [main] INFO  base.BaseClass - Trying to click on: {element.toString()}
2023-09-12 21:32:17,944 [main] INFO  base.BaseClass - Clicked on: {element.toString()}
2023-09-12 21:32:17,946 [main] INFO  base.BaseClass - Trying to find Element By {by.toString()})
2023-09-12 21:32:17,965 [main] INFO  base.BaseClass - Found Element By {by.toString()}
2023-09-12 21:32:17,984 [main] INFO  base.BaseClass - Trying to find Element By {by.toString()})
2023-09-12 21:32:18,006 [main] INFO  base.BaseClass - Found Element By {by.toString()}
2023-09-12 21:32:18,023 [main] INFO  base.BaseClass - Trying to find Element By {by.toString()})
2023-09-12 21:32:18,044 [main] INFO  base.BaseClass - Found Element By {by.toString()}
Mc count 
2023-09-12 21:32:18,274 [main] INFO  base.BaseClass - Trying to find Element By {by.toString()})
TimeoutException occurred: Expected condition failed: waiting for helper.WaitUtility$4@bfe47a8 (tried for 50 second(s) with 500 milliseconds interval)
2023-09-12 21:33:08,328 [main] ERROR XGLT_15177_Test - Element did not become visible within the specified time: Expected condition failed: waiting for helper.WaitUtility$4@bfe47a8 (tried for 50 second(s) with 500 milliseconds interval)
2023-09-12 21:33:08,329 [main] INFO  base.BaseClass - Trying to find Element By {by.toString()})
2023-09-12 21:33:08,366 [main] INFO  base.BaseClass - Found Element By {by.toString()}
2023-09-12 21:33:08,366 [main] INFO  base.BaseClass - Trying to click on: {element.toString()}
2023-09-12 21:33:08,568 [main] INFO  base.BaseClass - Clicked on: {element.toString()}
2023-09-12 21:33:08,569 [main] INFO  base.BaseClass - Trying to find Element By {by.toString()})
2023-09-12 21:33:08,584 [main] INFO  base.BaseClass - Found Element By {by.toString()}
2023-09-12 21:33:09,109 [main] INFO  base.BaseClass - Trying to find Element By {by.toString()})
2023-09-12 21:33:09,140 [main] INFO  base.BaseClass - Found Element By {by.toString()}
2023-09-12 21:33:09,669 [main] INFO  base.BaseClass - Trying to find Element By {by.toString()})
2023-09-12 21:33:09,686 [main] INFO  base.BaseClass - Found Element By {by.toString()}
2023-09-12 21:33:10,211 [main] INFO  base.BaseClass - Trying to find Element By {by.toString()})
2023-09-12 21:33:10,245 [main] INFO  base.BaseClass - Found Element By {by.toString()}
2023-09-12 21:33:10,274 [main] INFO  base.BaseClass - Trying to find Element By {by.toString()})
2023-09-12 21:33:10,290 [main] INFO  base.BaseClass - Found Element By {by.toString()}
2023-09-12 21:33:10,307 [main] INFO  base.BaseClass - Trying to find Element By {by.toString()})
2023-09-12 21:33:10,325 [main] INFO  base.BaseClass - Found Element By {by.toString()}
Actual page count 
2023-09-12 21:33:10,543 [main] INFO  base.BaseClass - Trying to find Element By {by.toString()})
2023-09-12 21:33:10,565 [main] INFO  base.BaseClass - Found Element By {by.toString()}
2023-09-12 21:33:10,565 [main] INFO  base.BaseClass - Trying to click on: {element.toString()}
2023-09-12 21:33:10,655 [main] INFO  base.BaseClass - Clicked on: {element.toString()}
NetworkInstanceCurrentWeekPA passed!
]]></system-out>
    <system-err><![CDATA[Starting ChromeDriver 116.0.5845.96 (1a391816688002153ef791ffe60d9e899a71a037-refs/branch-heads/5845@{#1382}) on port 26824
Only local connections are allowed.
Please see https://chromedriver.chromium.org/security-considerations for suggestions on keeping ChromeDriver safe.
ChromeDriver was started successfully.
Sept 12, 2023 9:30:41 PM org.openqa.selenium.remote.ProtocolHandshake createSession
INFO: Detected dialect: W3C
]]></system-err>
  </testcase>
  <testcase name="NetworkInstanceCurrentWeekPB" classname="XGLT_6688_Test" time="112.198">
    <failure message="expected [true] but found [false]" type="java.lang.AssertionError"><![CDATA[java.lang.AssertionError: expected [true] but found [false]
	at org.testng.Assert.fail(Assert.java:110)
	at org.testng.Assert.failNotEquals(Assert.java:1413)
	at org.testng.Assert.assertTrue(Assert.java:56)
	at org.testng.Assert.assertTrue(Assert.java:66)
	at XGLT_6688_Test.NetworkInstanceCurrentWeekPB(XGLT_6688_Test.java:57)
	at java.base/jdk.internal.reflect.DirectMethodHandleAccessor.invoke(DirectMethodHandleAccessor.java:104)
	at java.base/java.lang.reflect.Method.invoke(Method.java:578)
	at org.testng.internal.invokers.MethodInvocationHelper.invokeMethod(MethodInvocationHelper.java:139)
	at org.testng.internal.invokers.TestInvoker.invokeMethod(TestInvoker.java:677)
	at org.testng.internal.invokers.TestInvoker.invokeTestMethod(TestInvoker.java:221)
	at org.testng.internal.invokers.MethodRunner.runInSequence(MethodRunner.java:50)
	at org.testng.internal.invokers.TestInvoker$MethodInvocationAgent.invoke(TestInvoker.java:962)
	at org.testng.internal.invokers.TestInvoker.invokeTestMethods(TestInvoker.java:194)
	at org.testng.internal.invokers.TestMethodWorker.invokeTestMethods(TestMethodWorker.java:148)
	at org.testng.internal.invokers.TestMethodWorker.run(TestMethodWorker.java:128)
	at java.base/java.util.ArrayList.forEach(ArrayList.java:1511)
	at org.testng.TestRunner.privateRun(TestRunner.java:806)
	at org.testng.TestRunner.run(TestRunner.java:601)
	at org.testng.SuiteRunner.runTest(SuiteRunner.java:433)
	at org.testng.SuiteRunner.runSequentially(SuiteRunner.java:427)
	at org.testng.SuiteRunner.privateRun(SuiteRunner.java:387)
	at org.testng.SuiteRunner.run(SuiteRunner.java:330)
	at org.testng.SuiteRunnerWorker.runSuite(SuiteRunnerWorker.java:52)
	at org.testng.SuiteRunnerWorker.run(SuiteRunnerWorker.java:95)
	at org.testng.TestNG.runSuitesSequentially(TestNG.java:1256)
	at org.testng.TestNG.runSuitesLocally(TestNG.java:1176)
	at org.testng.TestNG.runSuites(TestNG.java:1099)
	at org.testng.TestNG.run(TestNG.java:1067)
	at org.apache.maven.surefire.testng.TestNGExecutor.run(TestNGExecutor.java:324)
	at org.apache.maven.surefire.testng.TestNGXmlTestSuite.execute(TestNGXmlTestSuite.java:74)
	at org.apache.maven.surefire.testng.TestNGProvider.invoke(TestNGProvider.java:123)
	at org.apache.maven.surefire.booter.ForkedBooter.runSuitesInProcess(ForkedBooter.java:456)
	at org.apache.maven.surefire.booter.ForkedBooter.execute(ForkedBooter.java:169)
	at org.apache.maven.surefire.booter.ForkedBooter.run(ForkedBooter.java:595)
	at org.apache.maven.surefire.booter.ForkedBooter.main(ForkedBooter.java:581)
]]></failure>
    <system-out><![CDATA[Before method Test name: About_network_test
NetworkInstanceCurrentWeekPB started!
2023-09-12 21:33:10,810 [main] INFO  base.BaseClass - Trying to find Element By {by.toString()})
2023-09-12 21:33:10,984 [main] INFO  base.BaseClass - Found Element By {by.toString()}
2023-09-12 21:33:10,995 [main] INFO  base.BaseClass - Trying to click on: {element.toString()}
2023-09-12 21:33:11,059 [main] INFO  base.BaseClass - Clicked on: {element.toString()}
2023-09-12 21:33:11,061 [main] INFO  base.BaseClass - Trying to find Element By {by.toString()})
2023-09-12 21:33:11,089 [main] INFO  base.BaseClass - Found Element By {by.toString()}
2023-09-12 21:33:11,621 [main] INFO  base.BaseClass - Trying to find Element By {by.toString()})
2023-09-12 21:33:11,654 [main] INFO  base.BaseClass - Found Element By {by.toString()}
2023-09-12 21:33:11,668 [main] INFO  base.BaseClass - Trying to find Element By {by.toString()})
2023-09-12 21:33:11,686 [main] INFO  base.BaseClass - Found Element By {by.toString()}
2023-09-12 21:33:12,211 [main] INFO  base.BaseClass - Trying to find Element By {by.toString()})
2023-09-12 21:33:12,240 [main] INFO  base.BaseClass - Found Element By {by.toString()}
2023-09-12 21:33:12,757 [main] INFO  base.BaseClass - Trying to find Element By {by.toString()})
2023-09-12 21:33:12,792 [main] INFO  base.BaseClass - Found Element By {by.toString()}
2023-09-12 21:33:13,316 [main] INFO  base.BaseClass - Trying to find Element By {by.toString()})
2023-09-12 21:33:13,345 [main] INFO  base.BaseClass - Found Element By {by.toString()}
2023-09-12 21:33:13,874 [main] INFO  base.BaseClass - Trying to find Element By {by.toString()})
2023-09-12 21:33:13,905 [main] INFO  base.BaseClass - Found Element By {by.toString()}
2023-09-12 21:33:14,433 [main] INFO  base.BaseClass - Trying to find Element By {by.toString()})
2023-09-12 21:33:14,462 [main] INFO  base.BaseClass - Found Element By {by.toString()}
2023-09-12 21:33:14,991 [main] INFO  base.BaseClass - Trying to find Element By {by.toString()})
2023-09-12 21:33:15,024 [main] INFO  base.BaseClass - Found Element By {by.toString()}
2023-09-12 21:33:15,565 [main] INFO  base.BaseClass - Trying to find Element By {by.toString()})
2023-09-12 21:33:15,595 [main] INFO  base.BaseClass - Found Element By {by.toString()}
2023-09-12 21:33:16,124 [main] INFO  base.BaseClass - Trying to find Element By {by.toString()})
2023-09-12 21:33:16,154 [main] INFO  base.BaseClass - Found Element By {by.toString()}
2023-09-12 21:33:16,684 [main] INFO  base.BaseClass - Trying to find Element By {by.toString()})
2023-09-12 21:33:17,277 [main] INFO  base.BaseClass - Found Element By {by.toString()}
2023-09-12 21:33:17,817 [main] INFO  base.BaseClass - Trying to find Element By {by.toString()})
2023-09-12 21:33:17,850 [main] INFO  base.BaseClass - Found Element By {by.toString()}
2023-09-12 21:33:18,377 [main] INFO  base.BaseClass - Trying to find Element By {by.toString()})
2023-09-12 21:33:18,394 [main] INFO  base.BaseClass - Found Element By {by.toString()}
2023-09-12 21:33:18,908 [main] INFO  base.BaseClass - Trying to find Element By {by.toString()})
2023-09-12 21:33:18,941 [main] INFO  base.BaseClass - Found Element By {by.toString()}
2023-09-12 21:33:19,484 [main] INFO  base.BaseClass - Trying to find Element By {by.toString()})
2023-09-12 21:33:19,514 [main] INFO  base.BaseClass - Found Element By {by.toString()}
2023-09-12 21:33:20,056 [main] INFO  base.BaseClass - Trying to find Element By {by.toString()})
2023-09-12 21:33:20,088 [main] INFO  base.BaseClass - Found Element By {by.toString()}
2023-09-12 21:33:20,619 [main] INFO  base.BaseClass - Trying to find Element By {by.toString()})
2023-09-12 21:33:20,655 [main] INFO  base.BaseClass - Found Element By {by.toString()}
2023-09-12 21:33:21,193 [main] INFO  base.BaseClass - Trying to find Element By {by.toString()})
2023-09-12 21:33:21,237 [main] INFO  base.BaseClass - Found Element By {by.toString()}
2023-09-12 21:33:21,771 [main] INFO  base.BaseClass - Trying to find Element By {by.toString()})
2023-09-12 21:33:21,803 [main] INFO  base.BaseClass - Found Element By {by.toString()}
2023-09-12 21:33:22,330 [main] INFO  base.BaseClass - Trying to find Element By {by.toString()})
2023-09-12 21:33:22,362 [main] INFO  base.BaseClass - Found Element By {by.toString()}
2023-09-12 21:33:22,890 [main] INFO  base.BaseClass - Trying to find Element By {by.toString()})
2023-09-12 21:33:22,927 [main] INFO  base.BaseClass - Found Element By {by.toString()}
2023-09-12 21:33:23,446 [main] INFO  base.BaseClass - Trying to find Element By {by.toString()})
2023-09-12 21:33:23,478 [main] INFO  base.BaseClass - Found Element By {by.toString()}
2023-09-12 21:33:24,004 [main] INFO  base.BaseClass - Trying to find Element By {by.toString()})
2023-09-12 21:33:24,034 [main] INFO  base.BaseClass - Found Element By {by.toString()}
2023-09-12 21:33:24,561 [main] INFO  base.BaseClass - Trying to find Element By {by.toString()})
2023-09-12 21:33:24,593 [main] INFO  base.BaseClass - Found Element By {by.toString()}
2023-09-12 21:33:25,122 [main] INFO  base.BaseClass - Trying to find Element By {by.toString()})
2023-09-12 21:33:25,151 [main] INFO  base.BaseClass - Found Element By {by.toString()}
2023-09-12 21:33:25,680 [main] INFO  base.BaseClass - Trying to find Element By {by.toString()})
2023-09-12 21:33:25,709 [main] INFO  base.BaseClass - Found Element By {by.toString()}
2023-09-12 21:33:26,242 [main] INFO  base.BaseClass - Trying to find Element By {by.toString()})
2023-09-12 21:33:26,958 [main] INFO  base.BaseClass - Found Element By {by.toString()}
2023-09-12 21:33:27,485 [main] INFO  base.BaseClass - Trying to find Element By {by.toString()})
2023-09-12 21:33:27,520 [main] INFO  base.BaseClass - Found Element By {by.toString()}
2023-09-12 21:33:28,059 [main] INFO  base.BaseClass - Trying to find Element By {by.toString()})
2023-09-12 21:33:28,078 [main] INFO  base.BaseClass - Found Element By {by.toString()}
2023-09-12 21:33:28,607 [main] INFO  base.BaseClass - Trying to find Element By {by.toString()})
2023-09-12 21:33:28,634 [main] INFO  base.BaseClass - Found Element By {by.toString()}
2023-09-12 21:33:29,167 [main] INFO  base.BaseClass - Trying to find Element By {by.toString()})
2023-09-12 21:33:29,198 [main] INFO  base.BaseClass - Found Element By {by.toString()}
2023-09-12 21:33:29,726 [main] INFO  base.BaseClass - Trying to find Element By {by.toString()})
2023-09-12 21:33:29,757 [main] INFO  base.BaseClass - Found Element By {by.toString()}
2023-09-12 21:33:30,286 [main] INFO  base.BaseClass - Trying to find Element By {by.toString()})
2023-09-12 21:33:30,314 [main] INFO  base.BaseClass - Found Element By {by.toString()}
2023-09-12 21:33:30,846 [main] INFO  base.BaseClass - Trying to find Element By {by.toString()})
2023-09-12 21:33:30,873 [main] INFO  base.BaseClass - Found Element By {by.toString()}
2023-09-12 21:33:31,407 [main] INFO  base.BaseClass - Trying to find Element By {by.toString()})
2023-09-12 21:33:31,436 [main] INFO  base.BaseClass - Found Element By {by.toString()}
2023-09-12 21:33:31,961 [main] INFO  base.BaseClass - Trying to find Element By {by.toString()})
2023-09-12 21:33:31,984 [main] INFO  base.BaseClass - Found Element By {by.toString()}
2023-09-12 21:33:32,518 [main] INFO  base.BaseClass - Trying to find Element By {by.toString()})
2023-09-12 21:33:32,553 [main] INFO  base.BaseClass - Found Element By {by.toString()}
2023-09-12 21:33:33,078 [main] INFO  base.BaseClass - Trying to find Element By {by.toString()})
2023-09-12 21:33:33,169 [main] INFO  base.BaseClass - Found Element By {by.toString()}
2023-09-12 21:33:33,697 [main] INFO  base.BaseClass - Trying to find Element By {by.toString()})
2023-09-12 21:33:33,728 [main] INFO  base.BaseClass - Found Element By {by.toString()}
2023-09-12 21:33:34,256 [main] INFO  base.BaseClass - Trying to find Element By {by.toString()})
2023-09-12 21:33:34,307 [main] INFO  base.BaseClass - Found Element By {by.toString()}
2023-09-12 21:33:34,830 [main] INFO  base.BaseClass - Trying to find Element By {by.toString()})
2023-09-12 21:33:34,862 [main] INFO  base.BaseClass - Found Element By {by.toString()}
2023-09-12 21:33:35,403 [main] INFO  base.BaseClass - Trying to find Element By {by.toString()})
2023-09-12 21:33:35,435 [main] INFO  base.BaseClass - Found Element By {by.toString()}
2023-09-12 21:33:35,964 [main] INFO  base.BaseClass - Trying to find Element By {by.toString()})
2023-09-12 21:33:35,996 [main] INFO  base.BaseClass - Found Element By {by.toString()}
2023-09-12 21:33:36,537 [main] INFO  base.BaseClass - Trying to find Element By {by.toString()})
2023-09-12 21:33:36,559 [main] INFO  base.BaseClass - Found Element By {by.toString()}
2023-09-12 21:33:37,079 [main] INFO  base.BaseClass - Trying to find Element By {by.toString()})
2023-09-12 21:33:37,118 [main] INFO  base.BaseClass - Found Element By {by.toString()}
2023-09-12 21:33:37,656 [main] INFO  base.BaseClass - Trying to find Element By {by.toString()})
2023-09-12 21:33:37,687 [main] INFO  base.BaseClass - Found Element By {by.toString()}
2023-09-12 21:33:38,219 [main] INFO  base.BaseClass - Trying to find Element By {by.toString()})
2023-09-12 21:33:38,240 [main] INFO  base.BaseClass - Found Element By {by.toString()}
2023-09-12 21:33:38,761 [main] INFO  base.BaseClass - Trying to find Element By {by.toString()})
2023-09-12 21:33:38,788 [main] INFO  base.BaseClass - Found Element By {by.toString()}
2023-09-12 21:33:39,321 [main] INFO  base.BaseClass - Trying to find Element By {by.toString()})
2023-09-12 21:33:39,353 [main] INFO  base.BaseClass - Found Element By {by.toString()}
2023-09-12 21:33:39,882 [main] INFO  base.BaseClass - Trying to find Element By {by.toString()})
2023-09-12 21:33:39,913 [main] INFO  base.BaseClass - Found Element By {by.toString()}
2023-09-12 21:33:40,444 [main] INFO  base.BaseClass - Trying to find Element By {by.toString()})
2023-09-12 21:33:40,476 [main] INFO  base.BaseClass - Found Element By {by.toString()}
2023-09-12 21:33:41,005 [main] INFO  base.BaseClass - Trying to find Element By {by.toString()})
2023-09-12 21:33:41,037 [main] INFO  base.BaseClass - Found Element By {by.toString()}
2023-09-12 21:33:41,567 [main] INFO  base.BaseClass - Trying to find Element By {by.toString()})
2023-09-12 21:33:41,598 [main] INFO  base.BaseClass - Found Element By {by.toString()}
2023-09-12 21:33:42,129 [main] INFO  base.BaseClass - Trying to find Element By {by.toString()})
2023-09-12 21:33:42,159 [main] INFO  base.BaseClass - Found Element By {by.toString()}
2023-09-12 21:33:42,687 [main] INFO  base.BaseClass - Trying to find Element By {by.toString()})
2023-09-12 21:33:42,714 [main] INFO  base.BaseClass - Found Element By {by.toString()}
2023-09-12 21:33:43,249 [main] INFO  base.BaseClass - Trying to find Element By {by.toString()})
2023-09-12 21:33:43,277 [main] INFO  base.BaseClass - Found Element By {by.toString()}
2023-09-12 21:33:43,810 [main] INFO  base.BaseClass - Trying to find Element By {by.toString()})
2023-09-12 21:33:43,838 [main] INFO  base.BaseClass - Found Element By {by.toString()}
2023-09-12 21:33:44,370 [main] INFO  base.BaseClass - Trying to find Element By {by.toString()})
2023-09-12 21:33:44,402 [main] INFO  base.BaseClass - Found Element By {by.toString()}
2023-09-12 21:33:44,932 [main] INFO  base.BaseClass - Trying to find Element By {by.toString()})
2023-09-12 21:33:44,965 [main] INFO  base.BaseClass - Found Element By {by.toString()}
2023-09-12 21:33:45,507 [main] INFO  base.BaseClass - Trying to find Element By {by.toString()})
2023-09-12 21:33:45,539 [main] INFO  base.BaseClass - Found Element By {by.toString()}
2023-09-12 21:33:46,079 [main] INFO  base.BaseClass - Trying to find Element By {by.toString()})
2023-09-12 21:33:46,098 [main] INFO  base.BaseClass - Found Element By {by.toString()}
2023-09-12 21:33:46,623 [main] INFO  base.BaseClass - Trying to find Element By {by.toString()})
2023-09-12 21:33:46,655 [main] INFO  base.BaseClass - Found Element By {by.toString()}
2023-09-12 21:33:47,184 [main] INFO  base.BaseClass - Trying to find Element By {by.toString()})
2023-09-12 21:33:47,215 [main] INFO  base.BaseClass - Found Element By {by.toString()}
2023-09-12 21:33:47,745 [main] INFO  base.BaseClass - Trying to find Element By {by.toString()})
2023-09-12 21:33:47,771 [main] INFO  base.BaseClass - Found Element By {by.toString()}
2023-09-12 21:33:48,306 [main] INFO  base.BaseClass - Trying to find Element By {by.toString()})
2023-09-12 21:33:48,334 [main] INFO  base.BaseClass - Found Element By {by.toString()}
2023-09-12 21:33:48,861 [main] INFO  base.BaseClass - Trying to find Element By {by.toString()})
2023-09-12 21:33:48,889 [main] INFO  base.BaseClass - Found Element By {by.toString()}
2023-09-12 21:33:49,424 [main] INFO  base.BaseClass - Trying to find Element By {by.toString()})
2023-09-12 21:33:49,453 [main] INFO  base.BaseClass - Found Element By {by.toString()}
2023-09-12 21:33:49,982 [main] INFO  base.BaseClass - Trying to find Element By {by.toString()})
2023-09-12 21:33:50,016 [main] INFO  base.BaseClass - Found Element By {by.toString()}
2023-09-12 21:33:50,540 [main] INFO  base.BaseClass - Trying to find Element By {by.toString()})
2023-09-12 21:33:50,570 [main] INFO  base.BaseClass - Found Element By {by.toString()}
2023-09-12 21:33:51,100 [main] INFO  base.BaseClass - Trying to find Element By {by.toString()})
2023-09-12 21:33:51,127 [main] INFO  base.BaseClass - Found Element By {by.toString()}
2023-09-12 21:33:51,656 [main] INFO  base.BaseClass - Trying to find Element By {by.toString()})
2023-09-12 21:33:51,683 [main] INFO  base.BaseClass - Found Element By {by.toString()}
2023-09-12 21:33:52,218 [main] INFO  base.BaseClass - Trying to find Element By {by.toString()})
2023-09-12 21:33:52,247 [main] INFO  base.BaseClass - Found Element By {by.toString()}
2023-09-12 21:33:52,781 [main] INFO  base.BaseClass - Trying to find Element By {by.toString()})
2023-09-12 21:33:52,808 [main] INFO  base.BaseClass - Found Element By {by.toString()}
2023-09-12 21:33:53,339 [main] INFO  base.BaseClass - Trying to find Element By {by.toString()})
2023-09-12 21:33:53,366 [main] INFO  base.BaseClass - Found Element By {by.toString()}
2023-09-12 21:33:53,898 [main] INFO  base.BaseClass - Trying to find Element By {by.toString()})
2023-09-12 21:33:53,926 [main] INFO  base.BaseClass - Found Element By {by.toString()}
2023-09-12 21:33:54,457 [main] INFO  base.BaseClass - Trying to find Element By {by.toString()})
2023-09-12 21:33:54,486 [main] INFO  base.BaseClass - Found Element By {by.toString()}
2023-09-12 21:33:55,016 [main] INFO  base.BaseClass - Trying to find Element By {by.toString()})
2023-09-12 21:33:55,046 [main] INFO  base.BaseClass - Found Element By {by.toString()}
2023-09-12 21:33:55,574 [main] INFO  base.BaseClass - Trying to find Element By {by.toString()})
2023-09-12 21:33:55,603 [main] INFO  base.BaseClass - Found Element By {by.toString()}
2023-09-12 21:33:56,133 [main] INFO  base.BaseClass - Trying to find Element By {by.toString()})
2023-09-12 21:33:56,162 [main] INFO  base.BaseClass - Found Element By {by.toString()}
2023-09-12 21:33:56,692 [main] INFO  base.BaseClass - Trying to find Element By {by.toString()})
2023-09-12 21:33:56,722 [main] INFO  base.BaseClass - Found Element By {by.toString()}
2023-09-12 21:33:57,252 [main] INFO  base.BaseClass - Trying to find Element By {by.toString()})
2023-09-12 21:33:57,281 [main] INFO  base.BaseClass - Found Element By {by.toString()}
2023-09-12 21:33:57,815 [main] INFO  base.BaseClass - Trying to find Element By {by.toString()})
2023-09-12 21:33:57,834 [main] INFO  base.BaseClass - Found Element By {by.toString()}
2023-09-12 21:33:58,361 [main] INFO  base.BaseClass - Trying to find Element By {by.toString()})
2023-09-12 21:33:58,388 [main] INFO  base.BaseClass - Found Element By {by.toString()}
2023-09-12 21:33:58,923 [main] INFO  base.BaseClass - Trying to find Element By {by.toString()})
2023-09-12 21:33:58,950 [main] INFO  base.BaseClass - Found Element By {by.toString()}
2023-09-12 21:33:59,478 [main] INFO  base.BaseClass - Trying to find Element By {by.toString()})
2023-09-12 21:33:59,507 [main] INFO  base.BaseClass - Found Element By {by.toString()}
2023-09-12 21:34:00,042 [main] INFO  base.BaseClass - Trying to find Element By {by.toString()})
2023-09-12 21:34:00,060 [main] INFO  base.BaseClass - Found Element By {by.toString()}
2023-09-12 21:34:00,586 [main] INFO  base.BaseClass - Trying to find Element By {by.toString()})
2023-09-12 21:34:00,612 [main] INFO  base.BaseClass - Found Element By {by.toString()}
2023-09-12 21:34:01,146 [main] INFO  base.BaseClass - Trying to find Element By {by.toString()})
2023-09-12 21:34:01,176 [main] INFO  base.BaseClass - Found Element By {by.toString()}
2023-09-12 21:34:01,706 [main] INFO  base.BaseClass - Trying to find Element By {by.toString()})
2023-09-12 21:34:01,736 [main] INFO  base.BaseClass - Found Element By {by.toString()}
2023-09-12 21:34:02,268 [main] INFO  base.BaseClass - Trying to find Element By {by.toString()})
2023-09-12 21:34:02,300 [main] INFO  base.BaseClass - Found Element By {by.toString()}
2023-09-12 21:34:02,824 [main] INFO  base.BaseClass - Trying to find Element By {by.toString()})
2023-09-12 21:34:02,856 [main] INFO  base.BaseClass - Found Element By {by.toString()}
2023-09-12 21:34:03,381 [main] INFO  base.BaseClass - Trying to find Element By {by.toString()})
2023-09-12 21:34:03,410 [main] INFO  base.BaseClass - Found Element By {by.toString()}
2023-09-12 21:34:03,942 [main] INFO  base.BaseClass - Trying to find Element By {by.toString()})
2023-09-12 21:34:03,970 [main] INFO  base.BaseClass - Found Element By {by.toString()}
2023-09-12 21:34:04,503 [main] INFO  base.BaseClass - Trying to find Element By {by.toString()})
2023-09-12 21:34:04,519 [main] INFO  base.BaseClass - Found Element By {by.toString()}
2023-09-12 21:34:05,046 [main] INFO  base.BaseClass - Trying to find Element By {by.toString()})
2023-09-12 21:34:05,075 [main] INFO  base.BaseClass - Found Element By {by.toString()}
2023-09-12 21:34:05,602 [main] INFO  base.BaseClass - Trying to find Element By {by.toString()})
2023-09-12 21:34:05,631 [main] INFO  base.BaseClass - Found Element By {by.toString()}
2023-09-12 21:34:06,165 [main] INFO  base.BaseClass - Trying to find Element By {by.toString()})
2023-09-12 21:34:06,195 [main] INFO  base.BaseClass - Found Element By {by.toString()}
2023-09-12 21:34:06,729 [main] INFO  base.BaseClass - Trying to find Element By {by.toString()})
2023-09-12 21:34:06,758 [main] INFO  base.BaseClass - Found Element By {by.toString()}
2023-09-12 21:34:07,286 [main] INFO  base.BaseClass - Trying to find Element By {by.toString()})
2023-09-12 21:34:07,315 [main] INFO  base.BaseClass - Found Element By {by.toString()}
2023-09-12 21:34:07,845 [main] INFO  base.BaseClass - Trying to find Element By {by.toString()})
2023-09-12 21:34:07,893 [main] INFO  base.BaseClass - Found Element By {by.toString()}
2023-09-12 21:34:08,406 [main] INFO  base.BaseClass - Trying to find Element By {by.toString()})
2023-09-12 21:34:08,438 [main] INFO  base.BaseClass - Found Element By {by.toString()}
2023-09-12 21:34:08,969 [main] INFO  base.BaseClass - Trying to find Element By {by.toString()})
2023-09-12 21:34:09,002 [main] INFO  base.BaseClass - Found Element By {by.toString()}
2023-09-12 21:34:09,529 [main] INFO  base.BaseClass - Trying to find Element By {by.toString()})
2023-09-12 21:34:09,560 [main] INFO  base.BaseClass - Found Element By {by.toString()}
2023-09-12 21:34:10,102 [main] INFO  base.BaseClass - Trying to find Element By {by.toString()})
2023-09-12 21:34:10,347 [main] INFO  base.BaseClass - Found Element By {by.toString()}
2023-09-12 21:34:10,879 [main] INFO  base.BaseClass - Trying to find Element By {by.toString()})
2023-09-12 21:34:10,909 [main] INFO  base.BaseClass - Found Element By {by.toString()}
2023-09-12 21:34:11,437 [main] INFO  base.BaseClass - Trying to find Element By {by.toString()})
2023-09-12 21:34:11,469 [main] INFO  base.BaseClass - Found Element By {by.toString()}
2023-09-12 21:34:12,002 [main] INFO  base.BaseClass - Trying to find Element By {by.toString()})
2023-09-12 21:34:12,022 [main] INFO  base.BaseClass - Found Element By {by.toString()}
TimeoutException occurred: Expected condition failed: waiting for helper.WaitUtility$3@196d684b (tried for 60 second(s) with 500 milliseconds interval)
Build info: version: '3.141.59', revision: 'e82be7d358', time: '2018-11-14T08:17:03'
System info: host: 'DPLAP166', ip: '137.237.2.46', os.name: 'Windows 10', os.arch: 'amd64', os.version: '10.0', java.version: '19.0.1'
Driver info: org.openqa.selenium.support.events.EventFiringWebDriver
Capabilities {acceptInsecureCerts: false, browserName: chrome, browserVersion: 116.0.5845.182, chrome: {chromedriverVersion: 116.0.5845.96 (1a3918166880..., userDataDir: C:\Users\dP-PL\AppData\Loca...}, fedcm:accounts: true, goog:chromeOptions: {debuggerAddress: localhost:56168}, javascriptEnabled: true, networkConnectionEnabled: false, pageLoadStrategy: normal, platform: WINDOWS, platformName: WINDOWS, proxy: Proxy(), setWindowRect: true, strictFileInteractability: false, timeouts: {implicit: 0, pageLoad: 300000, script: 30000}, unhandledPromptBehavior: dismiss and notify, webauthn:extension:credBlob: true, webauthn:extension:largeBlob: true, webauthn:extension:minPinLength: true, webauthn:extension:prf: true, webauthn:virtualAuthenticators: true}
Session ID: 43a1c8ab801cfd390bc0f6700058e6e3
2023-09-12 21:34:12,037 [main] ERROR XGLT_15177_Test - Element did not become visible within the specified time: Expected condition failed: waiting for helper.WaitUtility$3@196d684b (tried for 60 second(s) with 500 milliseconds interval)
Build info: version: '3.141.59', revision: 'e82be7d358', time: '2018-11-14T08:17:03'
System info: host: 'DPLAP166', ip: '137.237.2.46', os.name: 'Windows 10', os.arch: 'amd64', os.version: '10.0', java.version: '19.0.1'
Driver info: org.openqa.selenium.support.events.EventFiringWebDriver
Capabilities {acceptInsecureCerts: false, browserName: chrome, browserVersion: 116.0.5845.182, chrome: {chromedriverVersion: 116.0.5845.96 (1a3918166880..., userDataDir: C:\Users\dP-PL\AppData\Loca...}, fedcm:accounts: true, goog:chromeOptions: {debuggerAddress: localhost:56168}, javascriptEnabled: true, networkConnectionEnabled: false, pageLoadStrategy: normal, platform: WINDOWS, platformName: WINDOWS, proxy: Proxy(), setWindowRect: true, strictFileInteractability: false, timeouts: {implicit: 0, pageLoad: 300000, script: 30000}, unhandledPromptBehavior: dismiss and notify, webauthn:extension:credBlob: true, webauthn:extension:largeBlob: true, webauthn:extension:minPinLength: true, webauthn:extension:prf: true, webauthn:virtualAuthenticators: true}
Session ID: 43a1c8ab801cfd390bc0f6700058e6e3
2023-09-12 21:34:12,037 [main] INFO  base.BaseClass - Trying to find Element By {by.toString()})
2023-09-12 21:34:12,052 [main] INFO  base.BaseClass - Found Element By {by.toString()}
2023-09-12 21:34:12,067 [main] INFO  base.BaseClass - Trying to find Element By {by.toString()})
2023-09-12 21:34:12,080 [main] INFO  base.BaseClass - Found Element By {by.toString()}
Mc count pending build 6
2023-09-12 21:34:12,287 [main] INFO  base.BaseClass - Trying to find Element By {by.toString()})
2023-09-12 21:34:12,302 [main] INFO  base.BaseClass - Found Element By {by.toString()}
2023-09-12 21:34:12,302 [main] INFO  base.BaseClass - Trying to click on: {element.toString()}
2023-09-12 21:34:12,450 [main] INFO  base.BaseClass - Clicked on: {element.toString()}
2023-09-12 21:34:12,451 [main] INFO  base.BaseClass - Trying to find Element By {by.toString()})
TimeoutException occurred: Expected condition failed: waiting for helper.WaitUtility$2@3cb49121 (tried for 50 second(s) with 500 milliseconds interval)
2023-09-12 21:35:02,528 [main] ERROR XGLT_15177_Test - Element did not become visible within the specified time: Expected condition failed: waiting for helper.WaitUtility$2@3cb49121 (tried for 50 second(s) with 500 milliseconds interval)
2023-09-12 21:35:02,528 [main] INFO  base.BaseClass - Trying to find Element By {by.toString()})
2023-09-12 21:35:02,563 [main] INFO  base.BaseClass - Found Element By {by.toString()}
[...]
2023-09-12 21:43:36,485 [main] INFO  base.BaseClass - Trying to find Element By {by.toString()})
2023-09-12 21:43:36,504 [main] INFO  base.BaseClass - Found Element By {by.toString()}
2023-09-12 21:43:37,028 [main] INFO  base.BaseClass - Trying to find Element By {by.toString()})
2023-09-12 21:43:37,055 [main] INFO  base.BaseClass - Found Element By {by.toString()}
2023-09-12 21:43:37,573 [main] INFO  base.BaseClass - Trying to find Element By {by.toString()})
2023-09-12 21:43:37,602 [main] INFO  base.BaseClass - Found Element By {by.toString()}
2023-09-12 21:43:38,132 [main] INFO  base.BaseClass - Trying to find Element By {by.toString()})
2023-09-12 21:43:38,161 [main] INFO  base.BaseClass - Found Element By {by.toString()}
2023-09-12 21:43:38,694 [main] INFO  base.BaseClass - Trying to find Element By {by.toString()})
2023-09-12 21:43:38,723 [main] INFO  base.BaseClass - Found Element By {by.toString()}
2023-09-12 21:43:39,254 [main] INFO  base.BaseClass - Trying to find Element By {by.toString()})
2023-09-12 21:43:39,272 [main] INFO  base.BaseClass - Found Element By {by.toString()}
2023-09-12 21:43:39,799 [main] INFO  base.BaseClass - Trying to find Element By {by.toString()})
2023-09-12 21:43:39,827 [main] INFO  base.BaseClass - Found Element By {by.toString()}
2023-09-12 21:43:40,359 [main] INFO  base.BaseClass - Trying to find Element By {by.toString()})
2023-09-12 21:43:40,388 [main] INFO  base.BaseClass - Found Element By {by.toString()}
2023-09-12 21:43:40,917 [main] INFO  base.BaseClass - Trying to find Element By {by.toString()})
2023-09-12 21:43:40,943 [main] INFO  base.BaseClass - Found Element By {by.toString()}
2023-09-12 21:43:41,480 [main] INFO  base.BaseClass - Trying to find Element By {by.toString()})
2023-09-12 21:43:41,497 [main] INFO  base.BaseClass - Found Element By {by.toString()}
2023-09-12 21:43:42,010 [main] INFO  base.BaseClass - Trying to find Element By {by.toString()})
2023-09-12 21:43:42,028 [main] INFO  base.BaseClass - Found Element By {by.toString()}
2023-09-12 21:43:42,556 [main] INFO  base.BaseClass - Trying to find Element By {by.toString()})
2023-09-12 21:43:42,585 [main] INFO  base.BaseClass - Found Element By {by.toString()}
2023-09-12 21:43:43,347 [main] INFO  base.BaseClass - Trying to find Element By {by.toString()})
2023-09-12 21:43:43,379 [main] INFO  base.BaseClass - Found Element By {by.toString()}
2023-09-12 21:43:43,907 [main] INFO  base.BaseClass - Trying to find Element By {by.toString()})
2023-09-12 21:43:43,938 [main] INFO  base.BaseClass - Found Element By {by.toString()}
2023-09-12 21:43:44,466 [main] INFO  base.BaseClass - Trying to find Element By {by.toString()})
2023-09-12 21:43:44,495 [main] INFO  base.BaseClass - Found Element By {by.toString()}
2023-09-12 21:43:45,025 [main] INFO  base.BaseClass - Trying to find Element By {by.toString()})
2023-09-12 21:43:45,055 [main] INFO  base.BaseClass - Found Element By {by.toString()}
2023-09-12 21:43:45,584 [main] INFO  base.BaseClass - Trying to find Element By {by.toString()})
2023-09-12 21:43:45,614 [main] INFO  base.BaseClass - Found Element By {by.toString()}
2023-09-12 21:43:46,146 [main] INFO  base.BaseClass - Trying to find Element By {by.toString()})
2023-09-12 21:43:46,175 [main] INFO  base.BaseClass - Found Element By {by.toString()}
2023-09-12 21:43:46,707 [main] INFO  base.BaseClass - Trying to find Element By {by.toString()})
2023-09-12 21:43:46,735 [main] INFO  base.BaseClass - Found Element By {by.toString()}
2023-09-12 21:43:47,268 [main] INFO  base.BaseClass - Trying to find Element By {by.toString()})
2023-09-12 21:43:47,299 [main] INFO  base.BaseClass - Found Element By {by.toString()}
2023-09-12 21:43:47,828 [main] INFO  base.BaseClass - Trying to find Element By {by.toString()})
2023-09-12 21:43:47,849 [main] INFO  base.BaseClass - Found Element By {by.toString()}
2023-09-12 21:43:48,370 [main] INFO  base.BaseClass - Trying to find Element By {by.toString()})
2023-09-12 21:43:48,397 [main] INFO  base.BaseClass - Found Element By {by.toString()}
2023-09-12 21:43:48,927 [main] INFO  base.BaseClass - Trying to find Element By {by.toString()})
2023-09-12 21:43:48,958 [main] INFO  base.BaseClass - Found Element By {by.toString()}
2023-09-12 21:43:49,484 [main] INFO  base.BaseClass - Trying to find Element By {by.toString()})
2023-09-12 21:43:49,514 [main] INFO  base.BaseClass - Found Element By {by.toString()}
2023-09-12 21:43:50,042 [main] INFO  base.BaseClass - Trying to find Element By {by.toString()})
2023-09-12 21:43:50,071 [main] INFO  base.BaseClass - Found Element By {by.toString()}
2023-09-12 21:43:50,599 [main] INFO  base.BaseClass - Trying to find Element By {by.toString()})
2023-09-12 21:43:50,628 [main] INFO  base.BaseClass - Found Element By {by.toString()}
2023-09-12 21:43:51,153 [main] INFO  base.BaseClass - Trying to find Element By {by.toString()})
2023-09-12 21:43:51,184 [main] INFO  base.BaseClass - Found Element By {by.toString()}
2023-09-12 21:43:51,721 [main] INFO  base.BaseClass - Trying to find Element By {by.toString()})
2023-09-12 21:43:51,752 [main] INFO  base.BaseClass - Found Element By {by.toString()}
TimeoutException occurred: Expected condition failed: waiting for helper.WaitUtility$3@7866ffa (tried for 60 second(s) with 500 milliseconds interval)
Build info: version: '3.141.59', revision: 'e82be7d358', time: '2018-11-14T08:17:03'
System info: host: 'DPLAP166', ip: '137.237.2.46', os.name: 'Windows 10', os.arch: 'amd64', os.version: '10.0', java.version: '19.0.1'
Driver info: org.openqa.selenium.support.events.EventFiringWebDriver
Capabilities {acceptInsecureCerts: false, browserName: chrome, browserVersion: 116.0.5845.182, chrome: {chromedriverVersion: 116.0.5845.96 (1a3918166880..., userDataDir: C:\Users\dP-PL\AppData\Loca...}, fedcm:accounts: true, goog:chromeOptions: {debuggerAddress: localhost:56168}, javascriptEnabled: true, networkConnectionEnabled: false, pageLoadStrategy: normal, platform: WINDOWS, platformName: WINDOWS, proxy: Proxy(), setWindowRect: true, strictFileInteractability: false, timeouts: {implicit: 0, pageLoad: 300000, script: 30000}, unhandledPromptBehavior: dismiss and notify, webauthn:extension:credBlob: true, webauthn:extension:largeBlob: true, webauthn:extension:minPinLength: true, webauthn:extension:prf: true, webauthn:virtualAuthenticators: true}
Session ID: 43a1c8ab801cfd390bc0f6700058e6e3
2023-09-12 21:43:51,777 [main] ERROR XGLT_15177_Test - Element did not become visible within the specified time: Expected condition failed: waiting for helper.WaitUtility$3@7866ffa (tried for 60 second(s) with 500 milliseconds interval)
Build info: version: '3.141.59', revision: 'e82be7d358', time: '2018-11-14T08:17:03'
System info: host: 'DPLAP166', ip: '137.237.2.46', os.name: 'Windows 10', os.arch: 'amd64', os.version: '10.0', java.version: '19.0.1'
Driver info: org.openqa.selenium.support.events.EventFiringWebDriver
Capabilities {acceptInsecureCerts: false, browserName: chrome, browserVersion: 116.0.5845.182, chrome: {chromedriverVersion: 116.0.5845.96 (1a3918166880..., userDataDir: C:\Users\dP-PL\AppData\Loca...}, fedcm:accounts: true, goog:chromeOptions: {debuggerAddress: localhost:56168}, javascriptEnabled: true, networkConnectionEnabled: false, pageLoadStrategy: normal, platform: WINDOWS, platformName: WINDOWS, proxy: Proxy(), setWindowRect: true, strictFileInteractability: false, timeouts: {implicit: 0, pageLoad: 300000, script: 30000}, unhandledPromptBehavior: dismiss and notify, webauthn:extension:credBlob: true, webauthn:extension:largeBlob: true, webauthn:extension:minPinLength: true, webauthn:extension:prf: true, webauthn:virtualAuthenticators: true}
Session ID: 43a1c8ab801cfd390bc0f6700058e6e3
2023-09-12 21:43:51,778 [main] INFO  base.BaseClass - Trying to find Element By {by.toString()})
2023-09-12 21:43:51,804 [main] INFO  base.BaseClass - Found Element By {by.toString()}
2023-09-12 21:43:51,824 [main] INFO  base.BaseClass - Trying to find Element By {by.toString()})
2023-09-12 21:43:51,841 [main] INFO  base.BaseClass - Found Element By {by.toString()}
Mc count pending build 7
2023-09-12 21:43:52,070 [main] INFO  base.BaseClass - Trying to find Element By {by.toString()})
2023-09-12 21:43:52,084 [main] INFO  base.BaseClass - Found Element By {by.toString()}
2023-09-12 21:43:52,084 [main] INFO  base.BaseClass - Trying to click on: {element.toString()}
2023-09-12 21:43:52,250 [main] INFO  base.BaseClass - Clicked on: {element.toString()}
2023-09-12 21:43:52,250 [main] INFO  base.BaseClass - Trying to find Element By {by.toString()})
TimeoutException occurred: Expected condition failed: waiting for helper.WaitUtility$2@3d0697da (tried for 50 second(s) with 500 milliseconds interval)
2023-09-12 21:44:42,301 [main] ERROR XGLT_15177_Test - Element did not become visible within the specified time: Expected condition failed: waiting for helper.WaitUtility$2@3d0697da (tried for 50 second(s) with 500 milliseconds interval)
2023-09-12 21:44:42,301 [main] INFO  base.BaseClass - Trying to find Element By {by.toString()})
2023-09-12 21:44:42,332 [main] INFO  base.BaseClass - Found Element By {by.toString()}
2023-09-12 21:44:42,355 [main] INFO  base.BaseClass - Trying to find Element By {by.toString()})
2023-09-12 21:44:42,375 [main] INFO  base.BaseClass - Found Element By {by.toString()}
Actual page count pending build 
CustomDatePB failed!
]]></system-out>
  </testcase>
  <testcase name="MCsetUser" classname="XGLT_6992_Test" time="5.871">
    <system-out><![CDATA[2023-09-12 21:44:42,732 [main] INFO  XGLT_15177_Test - closing up browser
2023-09-12 21:44:43,237 [main] INFO  base.BaseClass - Login to XGL
2023-09-12 21:44:43,238 [main] INFO  XGLT_15177_Test - Setting up browser
2023-09-12 21:44:43,255 [main] INFO  io.github.bonigarcia.wdm.WebDriverManager - Using chromedriver 116.0.5845.96 (resolved driver for Chrome 116)
2023-09-12 21:44:43,280 [main] INFO  io.github.bonigarcia.wdm.WebDriverManager - Exporting webdriver.chrome.driver as C:\Users\dP-PL\.cache\selenium\chromedriver\win64\116.0.5845.96\chromedriver.exe
2023-09-12 21:44:44,639 [main] INFO  base.BaseClass - Before navigating to {url}
2023-09-12 21:44:53,122 [main] INFO  base.BaseClass - Navigated to {url}
2023-09-12 21:44:53,125 [main] INFO  base.BaseClass - Trying to find Element By {by.toString()})
2023-09-12 21:44:53,147 [main] INFO  base.BaseClass - Found Element By {by.toString()}
2023-09-12 21:44:53,210 [main] INFO  base.BaseClass - Trying to find Element By {by.toString()})
2023-09-12 21:44:53,225 [main] INFO  base.BaseClass - Found Element By {by.toString()}
2023-09-12 21:44:53,314 [main] INFO  base.BaseClass - Trying to find Element By {by.toString()})
2023-09-12 21:44:53,329 [main] INFO  base.BaseClass - Found Element By {by.toString()}
2023-09-12 21:44:53,329 [main] INFO  base.BaseClass - Trying to click on: {element.toString()}
2023-09-12 21:44:53,389 [main] INFO  base.BaseClass - Clicked on: {element.toString()}
2023-09-12 21:44:53,389 [main] INFO  base.BaseClass - Trying to find Element By {by.toString()})
2023-09-12 21:45:39,526 [main] INFO  base.BaseClass - Found Element By {by.toString()}
2023-09-12 21:45:39,551 [main] INFO  base.BaseClass - Trying to find Element By {by.toString()})
NoSuchElementException occurred: no such element: Unable to locate element: {"method":"xpath","selector":"//div[@class='modal-content']/div/i[contains(@class,'close')]"}
  (Session info: chrome=116.0.5845.182)
For documentation on this error, please visit: https://www.seleniumhq.org/exceptions/no_such_element.html
Build info: version: '3.141.59', revision: 'e82be7d358', time: '2018-11-14T08:17:03'
System info: host: 'DPLAP166', ip: '137.237.2.46', os.name: 'Windows 10', os.arch: 'amd64', os.version: '10.0', java.version: '19.0.1'
Driver info: org.openqa.selenium.chrome.ChromeDriver
Capabilities {acceptInsecureCerts: false, browserName: chrome, browserVersion: 116.0.5845.182, chrome: {chromedriverVersion: 116.0.5845.96 (1a3918166880..., userDataDir: C:\Users\dP-PL\AppData\Loca...}, fedcm:accounts: true, goog:chromeOptions: {debuggerAddress: localhost:57868}, javascriptEnabled: true, networkConnectionEnabled: false, pageLoadStrategy: normal, platform: WINDOWS, platformName: WINDOWS, proxy: Proxy(), setWindowRect: true, strictFileInteractability: false, timeouts: {implicit: 0, pageLoad: 300000, script: 30000}, unhandledPromptBehavior: dismiss and notify, webauthn:extension:credBlob: true, webauthn:extension:largeBlob: true, webauthn:extension:minPinLength: true, webauthn:extension:prf: true, webauthn:virtualAuthenticators: true}
Session ID: 6b35e2ebbf14dd45d2d421bde10fa029
*** Element info: {Using=xpath, value=//div[@class='modal-content']/div/i[contains(@class,'close')]}
Before method Test name: About_network_test
MCsetUser started!
2023-09-12 21:46:29,634 [main] INFO  base.BaseClass - Trying to find Element By {by.toString()})
2023-09-12 21:46:29,664 [main] INFO  base.BaseClass - Found Element By {by.toString()}
2023-09-12 21:46:29,686 [main] INFO  base.BaseClass - Trying to find Element By {by.toString()})
2023-09-12 21:46:29,704 [main] INFO  base.BaseClass - Found Element By {by.toString()}
2023-09-12 21:46:29,773 [main] INFO  base.BaseClass - Trying to find Element By {by.toString()})
2023-09-12 21:46:29,783 [main] INFO  base.BaseClass - Found Element By {by.toString()}
2023-09-12 21:46:30,796 [main] INFO  base.BaseClass - Trying to find Element By {by.toString()})
2023-09-12 21:46:30,827 [main] INFO  base.BaseClass - Found Element By {by.toString()}
2023-09-12 21:46:30,850 [main] INFO  base.BaseClass - Trying to find Element By {by.toString()})
2023-09-12 21:46:30,871 [main] INFO  base.BaseClass - Found Element By {by.toString()}
2023-09-12 21:46:30,909 [main] INFO  base.BaseClass - Trying to find Element By {by.toString()})
2023-09-12 21:46:30,928 [main] INFO  base.BaseClass - Found Element By {by.toString()}
2023-09-12 21:46:30,929 [main] INFO  base.BaseClass - Trying to click on: {element.toString()}
2023-09-12 21:46:30,991 [main] INFO  base.BaseClass - Clicked on: {element.toString()}
2023-09-12 21:46:32,109 [main] INFO  base.BaseClass - Trying to find Element By {by.toString()})
2023-09-12 21:46:32,547 [main] INFO  base.BaseClass - Found Element By {by.toString()}
2023-09-12 21:46:32,557 [main] INFO  base.BaseClass - Trying to find Element By {by.toString()})
2023-09-12 21:46:32,567 [main] INFO  base.BaseClass - Found Element By {by.toString()}
2023-09-12 21:46:33,608 [main] INFO  base.BaseClass - Trying to find Element By {by.toString()})
2023-09-12 21:46:33,745 [main] INFO  base.BaseClass - Found Element By {by.toString()}
2023-09-12 21:46:33,760 [main] INFO  base.BaseClass - Trying to find Element By {by.toString()})
2023-09-12 21:46:33,775 [main] INFO  base.BaseClass - Found Element By {by.toString()}
2023-09-12 21:46:33,815 [main] INFO  base.BaseClass - Trying to find Element By {by.toString()})
2023-09-12 21:46:33,833 [main] INFO  base.BaseClass - Found Element By {by.toString()}
2023-09-12 21:46:33,833 [main] INFO  base.BaseClass - Trying to click on: {element.toString()}
2023-09-12 21:46:33,899 [main] INFO  base.BaseClass - Clicked on: {element.toString()}
2023-09-12 21:46:33,899 [main] INFO  base.BaseClass - Trying to find Element By {by.toString()})
2023-09-12 21:46:33,916 [main] INFO  base.BaseClass - Found Element By {by.toString()}
2023-09-12 21:46:34,391 [main] INFO  base.BaseClass - Trying to click on: {element.toString()}
2023-09-12 21:46:34,469 [main] INFO  base.BaseClass - Clicked on: {element.toString()}
2023-09-12 21:46:34,469 [main] INFO  base.BaseClass - Trying to find Element By {by.toString()})
2023-09-12 21:46:34,495 [main] INFO  base.BaseClass - Found Element By {by.toString()}
2023-09-12 21:46:34,495 [main] INFO  base.BaseClass - Trying to click on: {element.toString()}
2023-09-12 21:46:34,589 [main] INFO  base.BaseClass - Clicked on: {element.toString()}
2023-09-12 21:46:34,589 [main] INFO  base.BaseClass - Trying to find Element By {by.toString()})
2023-09-12 21:46:35,301 [main] INFO  base.BaseClass - Found Element By {by.toString()}
MCsetUser passed!
]]></system-out>
    <system-err><![CDATA[Starting ChromeDriver 116.0.5845.96 (1a391816688002153ef791ffe60d9e899a71a037-refs/branch-heads/5845@{#1382}) on port 31852
Only local connections are allowed.
Please see https://chromedriver.chromium.org/security-considerations for suggestions on keeping ChromeDriver safe.
ChromeDriver was started successfully.
Sept 12, 2023 9:44:44 PM org.openqa.selenium.remote.ProtocolHandshake createSession
INFO: Detected dialect: W3C
]]></system-err>
  </testcase>
  <testcase name="getMCUsercounts" classname="XGLT_6992_Test" time="7.077">
    <system-out><![CDATA[Before method Test name: About_network_test
getMCUsercounts started!
2023-09-12 21:46:35,531 [main] INFO  base.BaseClass - Trying to find Element By {by.toString()})
2023-09-12 21:46:35,553 [main] INFO  base.BaseClass - Found Element By {by.toString()}
2023-09-12 21:46:35,567 [main] INFO  base.BaseClass - Trying to find Element By {by.toString()})
2023-09-12 21:46:35,579 [main] INFO  base.BaseClass - Found Element By {by.toString()}
2023-09-12 21:46:35,593 [main] INFO  base.BaseClass - Trying to find Element By {by.toString()})
2023-09-12 21:46:35,606 [main] INFO  base.BaseClass - Found Element By {by.toString()}
2023-09-12 21:46:35,615 [main] INFO  base.BaseClass - Trying to find Element By {by.toString()})
2023-09-12 21:46:35,625 [main] INFO  base.BaseClass - Found Element By {by.toString()}
2023-09-12 21:46:35,635 [main] INFO  base.BaseClass - Trying to find Element By {by.toString()})
2023-09-12 21:46:35,650 [main] INFO  base.BaseClass - Found Element By {by.toString()}
2023-09-12 21:46:35,663 [main] INFO  base.BaseClass - Trying to find Element By {by.toString()})
2023-09-12 21:46:35,679 [main] INFO  base.BaseClass - Found Element By {by.toString()}
2023-09-12 21:46:35,698 [main] INFO  base.BaseClass - Trying to find Element By {by.toString()})
2023-09-12 21:46:35,725 [main] INFO  base.BaseClass - Found Element By {by.toString()}
2023-09-12 21:46:35,744 [main] INFO  base.BaseClass - Trying to find Element By {by.toString()})
2023-09-12 21:46:35,759 [main] INFO  base.BaseClass - Found Element By {by.toString()}
Database is connected successfully
Connection closed successfully.
DB count is 76
2023-09-12 21:46:42,077 [main] INFO  base.BaseClass - Trying to find Element By {by.toString()})
2023-09-12 21:46:42,122 [main] INFO  base.BaseClass - Found Element By {by.toString()}
2023-09-12 21:46:42,140 [main] INFO  base.BaseClass - Trying to find Element By {by.toString()})
2023-09-12 21:46:42,159 [main] INFO  base.BaseClass - Found Element By {by.toString()}
2023-09-12 21:46:42,176 [main] INFO  base.BaseClass - Trying to find Element By {by.toString()})
2023-09-12 21:46:42,194 [main] INFO  base.BaseClass - Found Element By {by.toString()}
2023-09-12 21:46:42,212 [main] INFO  base.BaseClass - Trying to find Element By {by.toString()})
2023-09-12 21:46:42,230 [main] INFO  base.BaseClass - Found Element By {by.toString()}
Value in DB 76and value on MC widget is 76
2023-09-12 21:46:42,249 [main] INFO  base.BaseClass - Trying to find Element By {by.toString()})
2023-09-12 21:46:42,267 [main] INFO  base.BaseClass - Found Element By {by.toString()}
2023-09-12 21:46:42,286 [main] INFO  base.BaseClass - Trying to find Element By {by.toString()})
2023-09-12 21:46:42,304 [main] INFO  base.BaseClass - Found Element By {by.toString()}
2023-09-12 21:46:42,323 [main] INFO  base.BaseClass - Trying to find Element By {by.toString()})
2023-09-12 21:46:42,342 [main] INFO  base.BaseClass - Found Element By {by.toString()}
2023-09-12 21:46:42,357 [main] INFO  base.BaseClass - Trying to find Element By {by.toString()})
2023-09-12 21:46:42,371 [main] INFO  base.BaseClass - Found Element By {by.toString()}
getMCUsercounts passed!
]]></system-out>
  </testcase>
</testsuite>