<?xml version="1.0" encoding="UTF-8"?>
<!-- Generated by org.testng.reporters.JUnitXMLReporter -->
<testsuite ignored="0" hostname="dPLAP166" failures="1" tests="1" name="Command line test" time="29.3" errors="0" timestamp="2023-08-08T14:16:14 IST">
  <testcase classname="XGLT_15177_Test" name="About" time="3.764">
    <failure type="java.lang.NullPointerException" message="Cannot invoke &amp;quot;com.aventstack.extentreports.ExtentTest.pass(com.aventstack.extentreports.model.Media)&amp;quot; because the return value of &amp;quot;java.lang.ThreadLocal.get()&amp;quot; is null">
      <![CDATA[java.lang.NullPointerException: Cannot invoke "com.aventstack.extentreports.ExtentTest.pass(com.aventstack.extentreports.model.Media)" because the return value of "java.lang.ThreadLocal.get()" is null
at helper.ScreenshotUtility.onDemandScreenshotReport(ScreenshotUtility.java:10)
at XGLT_15177_Test.About(XGLT_15177_Test.java:41)
at java.base/java.util.ArrayList.forEach(ArrayList.java:1511)
at TestngRunner.main(TestngRunner.java:9)
... Removed 22 stack frames]]>
    </failure>
  </testcase> <!-- About -->
</testsuite> <!-- Command line test -->
